/var/www/spider/iask/mysql.py:29: Warning: Incorrect string value: '\xF0\x9F\x98\xB1' for column 'text' at row 1
  result = self.cur.execute(sql)
/var/www/spider/iask/mysql.py:29: Warning: Incorrect string value: '\xF0\xA0\xA6\x93\xF0\xA0...' for column 'text' at row 1
  result = self.cur.execute(sql)
/var/www/spider/iask/mysql.py:29: Warning: Incorrect integer value: ' None' for column 'question_id' at row 1
  result = self.cur.execute(sql)
/var/www/spider/iask/mysql.py:29: Warning: Incorrect string value: '\xF0\x9F\x98\x92' for column 'text' at row 1
  result = self.cur.execute(sql)
/var/www/spider/iask/mysql.py:29: Warning: Incorrect string value: '\xF0\x9F\x98\xB3' for column 'text' at row 1
  result = self.cur.execute(sql)
/var/www/spider/iask/mysql.py:29: Warning: Incorrect string value: '\xF0\x9F\x98\xB3 \xF0...' for column 'text' at row 1
  result = self.cur.execute(sql)
/var/www/spider/iask/mysql.py:29: Warning: Incorrect string value: '\xF0\x9F\x98\xA5' for column 'text' at row 1
  result = self.cur.execute(sql)
/var/www/spider/iask/mysql.py:29: Warning: Incorrect string value: '\xF0\x9F\x98\x8A\xF0\x9F...' for column 'text' at row 1
  result = self.cur.execute(sql)
/var/www/spider/iask/mysql.py:29: Warning: Incorrect string value: '\xF0\x9F\x98\xB1\xF0\x9F...' for column 'text' at row 1
  result = self.cur.execute(sql)
/var/www/spider/iask/mysql.py:29: Warning: Incorrect string value: '\xF0\x9F\x98\x9C\xF0\x9F...' for column 'text' at row 1
  result = self.cur.execute(sql)
/var/www/spider/iask/mysql.py:29: Warning: Incorrect string value: '\xF0\x9F\x98\xB1 \xF0...' for column 'text' at row 1
  result = self.cur.execute(sql)
/var/www/spider/iask/mysql.py:29: Warning: Incorrect string value: '\xF0\x9F\x91\x88\xF0\x9F...' for column 'text' at row 1
  result = self.cur.execute(sql)
/var/www/spider/iask/mysql.py:29: Warning: Incorrect string value: '\xF0\x9F\x99\x8F\xF0\x9F...' for column 'text' at row 1
  result = self.cur.execute(sql)
/var/www/spider/iask/mysql.py:29: Warning: Incorrect string value: '\xF0\xAA\xA8\xB6\xEF\xBC...' for column 'text' at row 1
  result = self.cur.execute(sql)
/var/www/spider/iask/mysql.py:29: Warning: Incorrect string value: '\xF0\x9F\x98\x81' for column 'text' at row 1
  result = self.cur.execute(sql)
/var/www/spider/iask/mysql.py:29: Warning: Incorrect string value: '\xF0\x9F\x98\x82\xE8\xB0...' for column 'text' at row 1
  result = self.cur.execute(sql)
/var/www/spider/iask/mysql.py:29: Warning: Incorrect string value: '\xF0\x9F\x98\x9E\xE9\x95...' for column 'text' at row 1
  result = self.cur.execute(sql)
/var/www/spider/iask/mysql.py:29: Warning: Incorrect string value: '\xF0\x9F\x90\x8D\xE7\xB2...' for column 'text' at row 1
  result = self.cur.execute(sql)
/var/www/spider/iask/mysql.py:29: Warning: Incorrect string value: '\xF0\xA8\x88\x98\xF0\xA8...' for column 'text' at row 1
  result = self.cur.execute(sql)
/var/www/spider/iask/mysql.py:29: Warning: Incorrect string value: '\xF0\x9F\x98\xA2' for column 'text' at row 1
  result = self.cur.execute(sql)
/var/www/spider/iask/mysql.py:29: Warning: Incorrect string value: '\xF0\x9F\x98\xB7\xF0\x9F...' for column 'text' at row 1
  result = self.cur.execute(sql)
/var/www/spider/iask/mysql.py:29: Warning: Incorrect string value: '\xF0\x9F\x98\x94' for column 'text' at row 1
  result = self.cur.execute(sql)
/var/www/spider/iask/mysql.py:29: Warning: Incorrect string value: '\xF0\x9F\x99\x8F' for column 'text' at row 1
  result = self.cur.execute(sql)
/var/www/spider/iask/mysql.py:29: Warning: Incorrect string value: '\xF0\x9F\x98\xB3\xE8\xB0...' for column 'text' at row 1
  result = self.cur.execute(sql)
/var/www/spider/iask/mysql.py:29: Warning: Incorrect string value: '\xF0\x9F\x98\xA9\xF0\x9F...' for column 'text' at row 1
  result = self.cur.execute(sql)
/var/www/spider/iask/mysql.py:29: Warning: Incorrect string value: '\xF0\x9F\x92\xA4' for column 'text' at row 1
  result = self.cur.execute(sql)
/var/www/spider/iask/mysql.py:29: Warning: Incorrect string value: '\xF0\x9F\x98\x93' for column 'text' at row 1
  result = self.cur.execute(sql)
/var/www/spider/iask/mysql.py:29: Warning: Incorrect string value: '\xF0\x9F\x98\xB0' for column 'text' at row 1
  result = self.cur.execute(sql)
/var/www/spider/iask/mysql.py:29: Warning: Incorrect string value: '\xF0\x9F\x98\x9E\xF0\x9F...' for column 'text' at row 1
  result = self.cur.execute(sql)
/var/www/spider/iask/mysql.py:29: Warning: Incorrect string value: '\xF0\x9F\x91\xBB' for column 'text' at row 1
  result = self.cur.execute(sql)
/var/www/spider/iask/mysql.py:29: Warning: Incorrect string value: '\xF0\x9F\x98\x81\xF0\x9F...' for column 'text' at row 1
  result = self.cur.execute(sql)
/var/www/spider/iask/mysql.py:29: Warning: Incorrect string value: '\xF0\x9F\x91\x89\xE7\xAC...' for column 'text' at row 1
  result = self.cur.execute(sql)
/var/www/spider/iask/mysql.py:29: Warning: Incorrect string value: '\xF0\xA8\x9A\xAB\xEF\xBC...' for column 'text' at row 1
  result = self.cur.execute(sql)
/var/www/spider/iask/mysql.py:29: Warning: Incorrect string value: '\xF0\xA3\x8E\xB4\xE6\x96...' for column 'text' at row 1
  result = self.cur.execute(sql)
/var/www/spider/iask/mysql.py:29: Warning: Incorrect string value: '\xF0\xA5\xBA\xA6\xEF\xBC...' for column 'text' at row 1
  result = self.cur.execute(sql)
/var/www/spider/iask/mysql.py:29: Warning: Incorrect string value: '\xF0\x9F\x88\xB6\xE6\x84...' for column 'text' at row 1
  result = self.cur.execute(sql)
/var/www/spider/iask/mysql.py:29: Warning: Incorrect string value: '\xF0\x9F\x99\x8F\xE6\xB1...' for column 'text' at row 1
  result = self.cur.execute(sql)
/var/www/spider/iask/mysql.py:29: Warning: Incorrect string value: '\xF0\x9F\x99\x8F \xF0...' for column 'text' at row 1
  result = self.cur.execute(sql)
/var/www/spider/iask/mysql.py:29: Warning: Incorrect string value: '\xF0\xA0\x80\xA4\xE9\x9F...' for column 'text' at row 1
  result = self.cur.execute(sql)
/var/www/spider/iask/mysql.py:29: Warning: Incorrect string value: '\xF0\xA4\x8B\xBE\xE6\x98...' for column 'text' at row 1
  result = self.cur.execute(sql)
/var/www/spider/iask/mysql.py:29: Warning: Incorrect string value: '\xF0\x9F\x98\x8F' for column 'text' at row 1
  result = self.cur.execute(sql)
/var/www/spider/iask/mysql.py:29: Warning: Incorrect string value: '\xF0\x9F\x98\xAA\xF0\x9F...' for column 'text' at row 1
  result = self.cur.execute(sql)
/var/www/spider/iask/mysql.py:29: Warning: Incorrect string value: '\xF0\xA1\x99\x8D\xF0\xA0...' for column 'text' at row 1
  result = self.cur.execute(sql)
/var/www/spider/iask/mysql.py:29: Warning: Incorrect string value: '\xF0\x9F\x98\xB3\xE6\xB1...' for column 'text' at row 1
  result = self.cur.execute(sql)
/var/www/spider/iask/mysql.py:29: Warning: Incorrect string value: '\xF0\x9F\x98\xB3 ' for column 'text' at row 1
  result = self.cur.execute(sql)
/var/www/spider/iask/mysql.py:29: Warning: Incorrect string value: '\xF0\x9F\x98\xAD' for column 'text' at row 1
  result = self.cur.execute(sql)
/var/www/spider/iask/mysql.py:29: Warning: Incorrect string value: '\xF0\x9F\x98\x82\xF0\x9F...' for column 'text' at row 1
  result = self.cur.execute(sql)
/var/www/spider/iask/mysql.py:29: Warning: Incorrect string value: '\xF0\x9F\x91\x89\xE5\x8E...' for column 'text' at row 1
  result = self.cur.execute(sql)
/var/www/spider/iask/mysql.py:29: Warning: Incorrect string value: '\xF0\x9F\x98\x82' for column 'text' at row 1
  result = self.cur.execute(sql)
/var/www/spider/iask/mysql.py:29: Warning: Incorrect string value: '\xF0\x9F\x92\x94' for column 'text' at row 1
  result = self.cur.execute(sql)
/var/www/spider/iask/mysql.py:29: Warning: Incorrect string value: '\xF0\x9F\x98\xB0\xE6\xB1...' for column 'text' at row 1
  result = self.cur.execute(sql)
/var/www/spider/iask/mysql.py:29: Warning: Incorrect string value: '\xF0\x9F\x91\x88\xE8\xBF...' for column 'text' at row 1
  result = self.cur.execute(sql)
/var/www/spider/iask/mysql.py:29: Warning: Incorrect string value: '\xF0\x9F\x98\x84' for column 'text' at row 1
  result = self.cur.execute(sql)
/var/www/spider/iask/mysql.py:29: Warning: Incorrect string value: '\xF0\x9F\x98\x8C \xEF...' for column 'text' at row 1
  result = self.cur.execute(sql)
/var/www/spider/iask/mysql.py:29: Warning: Incorrect string value: '\xF0\x9F\x98\xB3\xF0\x9F...' for column 'text' at row 1
  result = self.cur.execute(sql)
/var/www/spider/iask/mysql.py:29: Warning: Incorrect string value: '\xF0\x9F\x98\xB2' for column 'text' at row 1
  result = self.cur.execute(sql)
/var/www/spider/iask/mysql.py:29: Warning: Incorrect string value: '\xF0\x9F\x92\xA3' for column 'text' at row 1
  result = self.cur.execute(sql)
/var/www/spider/iask/mysql.py:29: Warning: Incorrect string value: '\xF0\x9F\x98\x96\xF0\x9F...' for column 'text' at row 1
  result = self.cur.execute(sql)
