[2015-08-06 11:58:24] 开始页码 2678
[2015-08-06 11:58:24] 爬虫正在启动,开始爬取爱问知识人问题
[2015-08-06 11:58:24] 正在获取目录页面个数,请稍候
[2015-08-06 11:58:25] 获取到目录页面个数 4981 个
[2015-08-06 11:58:25] 正在抓取第 2678 个页面
[2015-08-06 11:58:25] 当前爬取第 2678 的内容,发现一个问题 开源节流什么意思 回答数量 0
[2015-08-06 11:58:25] 保存到数据库,此问题的ID为 59637
[2015-08-06 11:58:25] 当前爬取第 2678 的内容,发现一个问题 墨守成规的意思是什么？ 回答数量 1
[2015-08-06 11:58:25] 保存到数据库,此问题的ID为 59638
[2015-08-06 11:58:25] 59638 号问题存在其他答案 墨守成规拼音：mòshǒuchéngguī简拼：mscg同义词：因循守旧故步自封抱残守缺反义词：标新立异用法：动宾式；作谓语、定语；含贬义出处：清·黄宗羲《钱退山诗文序》：“如钟嵘之《诗品》，辨体明宗，固朱尝墨守以为准的也。”解释：墨守：战国时墨翟善于守城；成规：现成的或久已通行的规则、方法。指思想保守，守着老规矩不肯改变。例子：～，不敢勇于创造也决然是和客观事物的发展规律不能相容的。（秦牧《辩证规律在艺术
创作上的运用》）谜语：临帖谢谢请给我一个好评
[2015-08-06 11:58:25] 保存其他答案成功
[2015-08-06 11:58:26] 当前爬取第 2678 的内容,发现一个问题 楚师背酅而舍 如何翻译 回答数量 1
[2015-08-06 11:58:26] 保存到数据库,此问题的ID为 59639
[2015-08-06 11:58:26] 59639 号问题存在最佳答案 楚师背酅而舍
Chudivisionback酅instead
谢谢请给我一个好评
晋国的君臣对战争胜败得失进行了认真细致的讨论，从而为取得战争胜利打下了坚实基础。子玉怒，从晋师。晋师退。军吏曰：“以君辟臣，辱也！且楚师老矣，何故退？”子犯：”师直为壮，曲为老，岂在久乎？微楚之惠不及此。退三舍辟之，所以报也。背惠食言，以亢其仇，我曲楚直；其众素饱，不可谓老。我退而楚还，我将何求？若其不还，君退、臣犯，曲在彼矣。”退三舍。楚众欲止，子玉不可。————《左传?晋楚城濮之战》“子玉怒，従晋师。晋师退。”晋国的军队就退了，
“军吏”这个掌握军事法令的官吏，“曰：以君辟臣，辱也。”因为晋国是晋文公领的军队，而楚国是大臣子玉领的军队，说我们这个是以君来退着让臣，
这个是很耻辱的事情，这看起来就是说，尽管是列国之间也还讲究这个地位的问题。“且楚师老矣”“老”指的就是士气已经衰泄，楚国的军队已经士气低沉了。“何故退？”这正是要打的时候，为什么要退呢？
“子犯曰：师直为壮，曲为老。”军队持有道理的一面有正义的一面就气壮；（军队）没有正义的一面，就不气壮，就理亏，（“岂在久乎”？）不在驻扎
[2015-08-06 11:58:26] 保存最佳答案成功
[2015-08-06 11:58:26] 当前爬取第 2678 的内容,发现一个问题 我想问一下，“伞”字，是不是半包围结构？ 回答数量 1
[2015-08-06 11:58:26] 保存到数据库,此问题的ID为 59640
[2015-08-06 11:58:26] 59640 号问题存在其他答案 这个字不是半包围结构。
[2015-08-06 11:58:26] 保存其他答案成功
[2015-08-06 11:58:26] 当前爬取第 2678 的内容,发现一个问题 表示亲情的词语有哪些？ 回答数量 2
[2015-08-06 11:58:26] 保存到数据库,此问题的ID为 59641
[2015-08-06 11:58:26] 59641 号问题存在最佳答案 (1)义结金兰(2)血浓于水(3)寸草春晖(4)范张鸡黍
(5)北风之恋(6)比翼双飞(7)碧海青天(8)恨相知晚
(9)莫逆之交(10)情投意合(11)琴瑟之好
(12)含情脉脉(13)如手如足(14)如胶似漆
(15)深情厚谊(16)水乳交融(17)手足之情
(18)温情脉脉(19)相亲相爱(20)心心相印
(21)一往情深(22)一唱一和(23)谊切苔岑
(24)张敞画眉(25)海誓山盟(26)流水桃花
(27)天长地久(28)至死靡它(29)淡水交情
(30)情深潭水(31)桃花潭水(32)地久天长
(33)举案齐眉(34)患难之交(35)刎颈之交
(36)恋恋不舍(37)两肋插刀(38)肝脑涂地
(39)依依惜别(40)难舍难分(41)生死之交
(42)志同道合(43)舐犊情深(44)患难之交
(45)情同骨肉(46)情投意合(47)贫贱之交
(48)深情厚谊(49)骨肉至亲(50)骨肉相连
【词语】
相濡以沫
举按齐眉
相敬如宾
彩衣娱亲
骨肉至亲
寸草春晖
[2015-08-06 11:58:26] 保存最佳答案成功
[2015-08-06 11:58:26] 59641 号问题存在其他答案 关爱，照顾，亲情
，帮助等。
[2015-08-06 11:58:26] 保存其他答案成功
[2015-08-06 11:58:27] 当前爬取第 2678 的内容,发现一个问题 什么样的梅花开在什么样的的寒风里 回答数量 0
[2015-08-06 11:58:27] 保存到数据库,此问题的ID为 59642
[2015-08-06 11:58:27] 当前爬取第 2678 的内容,发现一个问题 卒与太祖遇的卒是什么意思 回答数量 0
[2015-08-06 11:58:27] 保存到数据库,此问题的ID为 59643
[2015-08-06 11:58:27] 当前爬取第 2678 的内容,发现一个问题 潮汐路 是什么意思？ 回答数量 0
[2015-08-06 11:58:27] 保存到数据库,此问题的ID为 59644
[2015-08-06 11:58:27] 当前爬取第 2678 的内容,发现一个问题 伸出遮天手是什么意思 回答数量 0
[2015-08-06 11:58:27] 保存到数据库,此问题的ID为 59645
[2015-08-06 11:58:28] 当前爬取第 2678 的内容,发现一个问题 猫打呼噜是什么意思？ 回答数量 0
[2015-08-06 11:58:28] 保存到数据库,此问题的ID为 59646
[2015-08-06 11:58:28] 当前爬取第 2678 的内容,发现一个问题 拽天下是什么意思？？？ 回答数量 0
[2015-08-06 11:58:28] 保存到数据库,此问题的ID为 59647
[2015-08-06 11:58:28] 当前爬取第 2678 的内容,发现一个问题 就甘谈迈陌廉诉什么意思 回答数量 0
[2015-08-06 11:58:28] 保存到数据库,此问题的ID为 59648
[2015-08-06 11:58:28] 当前爬取第 2678 的内容,发现一个问题 克隆羊多莉是经过247次失败后才得到的。运用了什么说明方法 回答数量 1
[2015-08-06 11:58:28] 保存到数据库,此问题的ID为 59649
[2015-08-06 11:58:28] 59649 号问题存在其他答案 运用了举例子的说明方法。
[2015-08-06 11:58:28] 保存其他答案成功
[2015-08-06 11:58:29] 当前爬取第 2678 的内容,发现一个问题 这台机器有毛病，请你修理一下。毛病的近义词是什么 回答数量 0
[2015-08-06 11:58:29] 保存到数据库,此问题的ID为 59650
[2015-08-06 11:58:30] 当前爬取第 2678 的内容,发现一个问题 “空前新雨后，天气晚来秋。明月松间照，清泉石上流。”中的引号起什么作用 回答数量 0
[2015-08-06 11:58:30] 保存到数据库,此问题的ID为 59651
[2015-08-06 11:58:30] 当前爬取第 2678 的内容,发现一个问题 镜中镜°C是什么意思？ 回答数量 0
[2015-08-06 11:58:30] 保存到数据库,此问题的ID为 59652
[2015-08-06 11:58:31] 当前爬取第 2678 的内容,发现一个问题 敛声息语什么意思 回答数量 0
[2015-08-06 11:58:31] 保存到数据库,此问题的ID为 59653
[2015-08-06 11:58:31] 当前爬取第 2678 的内容,发现一个问题 什么是创业 回答数量 0
[2015-08-06 11:58:31] 保存到数据库,此问题的ID为 59654
[2015-08-06 11:58:32] 当前爬取第 2678 的内容,发现一个问题 图书馆里新增了近千余册书这句话有什么错 回答数量 0
[2015-08-06 11:58:32] 保存到数据库,此问题的ID为 59655
[2015-08-06 11:58:33] 当前爬取第 2678 的内容,发现一个问题 心旷神怡是什么意思请帮忙 回答数量 0
[2015-08-06 11:58:33] 保存到数据库,此问题的ID为 59656
[2015-08-06 11:58:33] 正在抓取第 2677 个页面
[2015-08-06 11:58:34] 当前爬取第 2677 的内容,发现一个问题 给我一个承诺中暖流指什么？ 回答数量 1
[2015-08-06 11:58:34] 保存到数据库,此问题的ID为 59657
[2015-08-06 11:58:34] 59657 号问题存在最佳答案 (1)“那句克雷斯永远不会忘记的话”是指:我不要求别人的回报,但我要求你给我一个承诺……(2)在文中,“给我一个承诺”中这个“承诺”是指:
如果觉得对你有帮助请给个好评谢谢
[2015-08-06 11:58:34] 保存最佳答案成功
[2015-08-06 11:58:35] 当前爬取第 2677 的内容,发现一个问题 能书善画的字是什么意思？整个词又是什么意思？ 回答数量 0
[2015-08-06 11:58:35] 保存到数据库,此问题的ID为 59658
[2015-08-06 11:58:36] 当前爬取第 2677 的内容,发现一个问题 德河之水，其色苍苍，聚合于天，其流荡荡什么意思 回答数量 0
[2015-08-06 11:58:36] 保存到数据库,此问题的ID为 59659
[2015-08-06 11:58:37] 当前爬取第 2677 的内容,发现一个问题 口、木、目、林，加一个什么字能组成新字
回答数量 1
[2015-08-06 11:58:37] 保存到数据库,此问题的ID为 59660
[2015-08-06 11:58:37] 59660 号问题存在最佳答案 加“木”字枷相杏林帮助到你，把我回答的问题设置为“好评”。
[2015-08-06 11:58:37] 保存最佳答案成功
[2015-08-06 11:58:37] 当前爬取第 2677 的内容,发现一个问题 受可以加什么偏旁 回答数量 1
[2015-08-06 11:58:37] 保存到数据库,此问题的ID为 59661
[2015-08-06 11:58:38] 当前爬取第 2677 的内容,发现一个问题 们字改变结构能变成什么字 回答数量 1
[2015-08-06 11:58:38] 保存到数据库,此问题的ID为 59662
[2015-08-06 11:58:38] 59662 号问题存在其他答案 能变成瞒字。如果您觉得正确或者采纳的话，麻烦给我好评哦，谢谢。
[2015-08-06 11:58:38] 保存其他答案成功
[2015-08-06 11:58:38] 当前爬取第 2677 的内容,发现一个问题 孙贺洋一共有多少笔顺 回答数量 1
[2015-08-06 11:58:38] 保存到数据库,此问题的ID为 59663
[2015-08-06 11:58:38] 59663 号问题存在其他答案 一共24笔
[2015-08-06 11:58:38] 保存其他答案成功
[2015-08-06 11:58:39] 当前爬取第 2677 的内容,发现一个问题 材是象形字吗？？？？？？ 回答数量 1
[2015-08-06 11:58:39] 保存到数据库,此问题的ID为 59664
[2015-08-06 11:58:39] 59664 号问题存在其他答案 这四个都不是象形字。下,指事字。据甲骨文,上面部
分表示位置的界限,下面部分表示在下的意思。休,会意字。从人,从木。人依傍大树休息帮助到你，把我回答的问题设置为“好评”。
[2015-08-06 11:58:39] 保存其他答案成功
[2015-08-06 11:58:40] 当前爬取第 2677 的内容,发现一个问题 一枝三叶。谁可以给我解下是什么意思 回答数量 1
[2015-08-06 11:58:40] 保存到数据库,此问题的ID为 59665
[2015-08-06 11:58:40] 59665 号问题存在其他答案 人参的品级帮助到你，把我回答的问题设置为“好评”。
[2015-08-06 11:58:40] 保存其他答案成功
[2015-08-06 11:58:41] 当前爬取第 2677 的内容,发现一个问题 “汉语拼音是识字的工具，只要会认、会拼读就行了，没有必要抄写、默写。”你是怎样看 回答数量 1
[2015-08-06 11:58:41] 保存到数据库,此问题的ID为 59666
[2015-08-06 11:58:41] 59666 号问题存在其他答案 抄写默写是为了加深印象
[2015-08-06 11:58:41] 保存其他答案成功
[2015-08-06 11:58:41] 当前爬取第 2677 的内容,发现一个问题 文言文  笼中鹦鹉 中“女”是什么意思 回答数量 0
[2015-08-06 11:58:41] 保存到数据库,此问题的ID为 59667
[2015-08-06 11:58:43] 当前爬取第 2677 的内容,发现一个问题 汉字大约产生于【    】年，是世界上【    】的文字；曾对【 】， 【 】等的文字产生过重要的影响。 回答数量 0
[2015-08-06 11:58:43] 保存到数据库,此问题的ID为 59668
[2015-08-06 11:58:43] 当前爬取第 2677 的内容,发现一个问题 核舟记课文内容理解（第一段中“罔不因势象形，各具情态体现了什么 回答数量 0
[2015-08-06 11:58:43] 保存到数据库,此问题的ID为 59669
[2015-08-06 11:58:45] 当前爬取第 2677 的内容,发现一个问题 如果把标题《生活是什么》改成《生活是一面镜子》好不好 回答数量 0
[2015-08-06 11:58:45] 保存到数据库,此问题的ID为 59670
[2015-08-06 11:58:46] 当前爬取第 2677 的内容,发现一个问题 雷佩琳的笔画是多少 回答数量 1
[2015-08-06 11:58:46] 保存到数据库,此问题的ID为 59671
[2015-08-06 11:58:46] 59671 号问题存在其他答案 分别是13、8、12。一共是33画
。【帮到你的话麻烦点击“好评”谢谢！】
[2015-08-06 11:58:46] 保存其他答案成功
[2015-08-06 11:58:47] 当前爬取第 2677 的内容,发现一个问题 雷佩琳的笔画是多少？ 回答数量 3
[2015-08-06 11:58:47] 保存到数据库,此问题的ID为 59672
[2015-08-06 11:58:47] 59672 号问题存在最佳答案 共有32笔。
[2015-08-06 11:58:47] 保存最佳答案成功
[2015-08-06 11:58:47] 59672 号问题存在其他答案 每个字的加一起
[2015-08-06 11:58:47] 保存其他答案成功
[2015-08-06 11:58:47] 59672 号问题存在其他答案 笔画
是33画___亲，如果我的答案对你有帮助的话请赐一个好评，谢谢！
[2015-08-06 11:58:47] 保存其他答案成功
[2015-08-06 11:58:48] 当前爬取第 2677 的内容,发现一个问题 根据意思写词语没法揣测究竟到什么程度 回答数量 0
[2015-08-06 11:58:48] 保存到数据库,此问题的ID为 59673
[2015-08-06 11:58:49] 当前爬取第 2677 的内容,发现一个问题 陕西方言吃莴笋什么意思 回答数量 1
[2015-08-06 11:58:49] 保存到数据库,此问题的ID为 59674
[2015-08-06 11:58:49] 59674 号问题存在其他答案 不是,吃货
,的意思是就知道吃的二傻子。大概就是这个意思吧,中国语言博大精深,难以用具体的语言来描述啊。
[2015-08-06 11:58:49] 保存其他答案成功
[2015-08-06 11:58:49] 当前爬取第 2677 的内容,发现一个问题 燊麸什么意思？怎么读？ 回答数量 0
[2015-08-06 11:58:49] 保存到数据库,此问题的ID为 59675
[2015-08-06 11:58:49] 当前爬取第 2677 的内容,发现一个问题 燊麸什么意思？怎么读？ 回答数量 0
[2015-08-06 11:58:49] 保存到数据库,此问题的ID为 59676
[2015-08-06 11:58:49] 写入新页码 2677
[2015-08-06 11:58:49] 正在抓取第 2676 个页面
[2015-08-06 11:58:53] 当前爬取第 2676 的内容,发现一个问题 在语文中一共算数量词吗？ 回答数量 1
[2015-08-06 11:58:53] 保存到数据库,此问题的ID为 59677
[2015-08-06 11:58:53] 59677 号问题存在其他答案 这个是没有学的哦
[2015-08-06 11:58:53] 保存其他答案成功
[2015-08-06 11:58:55] 当前爬取第 2676 的内容,发现一个问题 看到名称，就会想到他的含义。这句话能写出什么成语 回答数量 0
[2015-08-06 11:58:55] 保存到数据库,此问题的ID为 59678
[2015-08-06 11:58:57] 当前爬取第 2676 的内容,发现一个问题 介鳞之属的属什么意思 回答数量 1
[2015-08-06 11:58:57] 保存到数据库,此问题的ID为 59679
[2015-08-06 11:58:57] 59679 号问题存在最佳答案 水族里的带壳的盒带鳞甲的
解释：1.同一家族的：亲属。眷属。烈属。
2.类别：金属。吾属。
3.有管辖关系的，归类：属于。属下。属地。归属。直属。附属。隶属。
属;这一类的就第一种的理解
谢谢请给我一个好评
[2015-08-06 11:58:57] 保存最佳答案成功
[2015-08-06 11:58:59] 当前爬取第 2676 的内容,发现一个问题 把“卯”字分开有字吗？怎么念 回答数量 1
[2015-08-06 11:58:59] 保存到数据库,此问题的ID为 59680
[2015-08-06 11:58:59] 59680 号问题存在最佳答案 右边是卩jié◎古同“节”。左边暂无此字。
希望我的回答对您有所帮助，记得给我好评！~
[2015-08-06 11:58:59] 保存最佳答案成功
[2015-08-06 11:59:00] 当前爬取第 2676 的内容,发现一个问题 不可数名词前可以加不定冠词吗 回答数量 1
[2015-08-06 11:59:00] 保存到数据库,此问题的ID为 59681
[2015-08-06 11:59:00] 59681 号问题存在其他答案 一般情况下是不可以的。
[2015-08-06 11:59:00] 保存其他答案成功
[2015-08-06 11:59:00] 当前爬取第 2676 的内容,发现一个问题 单人旁加臣指什么字，什么意思 回答数量 0
[2015-08-06 11:59:00] 保存到数据库,此问题的ID为 59682
[2015-08-06 11:59:01] 当前爬取第 2676 的内容,发现一个问题 下义其罪中“其”什么意思 回答数量 0
[2015-08-06 11:59:01] 保存到数据库,此问题的ID为 59683
[2015-08-06 11:59:02] 当前爬取第 2676 的内容,发现一个问题 灵芝徒有劳的徒是什么意思 回答数量 1
[2015-08-06 11:59:02] 保存到数据库,此问题的ID为 59684
[2015-08-06 11:59:02] 59684 号问题存在最佳答案 灵芝又称灵芝草、神芝、芝草、仙草、瑞草，是多孔菌科植物赤芝或紫芝的全株。按本草纲目记载：“灵芝性平，味苦，无毒，主胸中结，益心气，补中，增智慧，不忘，久服..
[2015-08-06 11:59:02] 保存最佳答案成功
[2015-08-06 11:59:03] 当前爬取第 2676 的内容,发现一个问题 下义其罪中“其”什么意思 回答数量 0
[2015-08-06 11:59:03] 保存到数据库,此问题的ID为 59685
[2015-08-06 11:59:04] 当前爬取第 2676 的内容,发现一个问题          光膀子穿貂什么意思 回答数量 0
[2015-08-06 11:59:04] 保存到数据库,此问题的ID为 59686
[2015-08-06 11:59:05] 当前爬取第 2676 的内容,发现一个问题 非独贤者有是心也 是心指什么                    贤人指什么 回答数量 1
[2015-08-06 11:59:05] 保存到数据库,此问题的ID为 59687
[2015-08-06 11:59:05] 59687 号问题存在最佳答案 非独闲者有是心也，人皆有之，贤者能忽丧耳译文：不仅闲人有这种本性，人人都有，不过闲人不能够丧失罢了。是心，应该是指的这种性情，这种本性。
[2015-08-06 11:59:05] 保存最佳答案成功
[2015-08-06 11:59:07] 当前爬取第 2676 的内容,发现一个问题 千万匹马静然无声是什么成语 回答数量 1
[2015-08-06 11:59:07] 保存到数据库,此问题的ID为 59688
[2015-08-06 11:59:07] 59688 号问题存在其他答案 万马
齐喑吧。
[2015-08-06 11:59:07] 保存其他答案成功
[2015-08-06 11:59:08] 当前爬取第 2676 的内容,发现一个问题 移民一词在辞海中的哪一页？是如何解释的 回答数量 0
[2015-08-06 11:59:08] 保存到数据库,此问题的ID为 59689
[2015-08-06 11:59:09] 当前爬取第 2676 的内容,发现一个问题 减什么防尘  成语 速度啊 回答数量 0
[2015-08-06 11:59:09] 保存到数据库,此问题的ID为 59690
[2015-08-06 11:59:09] 当前爬取第 2676 的内容,发现一个问题 请就如何提高中小学生汉字书写呵汉语表达能力谈谈你的主张。（三个方面即可） 回答数量 0
[2015-08-06 11:59:09] 保存到数据库,此问题的ID为 59691
[2015-08-06 11:59:10] 当前爬取第 2676 的内容,发现一个问题 珍珠 阅读答案   1.那件事使约翰痛改前非而生意日渐好转？请用一句 回答数量 0
[2015-08-06 11:59:10] 保存到数据库,此问题的ID为 59692
[2015-08-06 11:59:11] 当前爬取第 2676 的内容,发现一个问题 平时我们形容音乐优美，可用一个成语是什么 回答数量 1
[2015-08-06 11:59:11] 保存到数据库,此问题的ID为 59693
[2015-08-06 11:59:11] 59693 号问题存在最佳答案 下里巴人
xiàlǐbārén
中文解释-英文翻译
下里巴人的中文解释
以下结果由汉典提供词典解释
【解释】：原指战国时代楚国民间流行的一种歌曲。比喻通俗的文学艺术。
【出自】：战国楚·宋玉《对楚王问》：“客有歌于郢中者，其始曰：‘下里巴人’，国中属而和者数千人。”
【近义词】：通俗易懂
【反义词】：阳春白雪
【语法】：联合式；作主语、宾语、定语；含贬义
余音绕梁，妙笔生花
谢谢请给我一个好评
[2015-08-06 11:59:11] 保存最佳答案成功
[2015-08-06 11:59:11] 当前爬取第 2676 的内容,发现一个问题 “千万匹马静然无声” 是什么成语 回答数量 2
[2015-08-06 11:59:11] 保存到数据库,此问题的ID为 59694
[2015-08-06 11:59:11] 59694 号问题存在其他答案 答案是：万马
齐喑
[2015-08-06 11:59:11] 保存其他答案成功
[2015-08-06 11:59:11] 59694 号问题存在其他答案 万马齐喑帮助到你，把我回答的问题设置为“好评”。
[2015-08-06 11:59:11] 保存其他答案成功
[2015-08-06 11:59:12] 当前爬取第 2676 的内容,发现一个问题 给我一个承诺一文中暖流指的是什么？
回答数量 0
[2015-08-06 11:59:12] 保存到数据库,此问题的ID为 59695
[2015-08-06 11:59:13] 当前爬取第 2676 的内容,发现一个问题 粪瞎是什么意思  有点不明白  回答数量 1
[2015-08-06 11:59:13] 保存到数据库,此问题的ID为 59696
[2015-08-06 11:59:13] 59696 号问题存在其他答案 庄稼一支花
,全靠肥当家,没有粪庄稼不长,不是瞎胡闹吗,种它干什么,没有用。如果觉得对你有帮助请给个好评谢谢
[2015-08-06 11:59:13] 保存其他答案成功
[2015-08-06 11:59:13] 写入新页码 2676
[2015-08-06 11:59:13] 正在抓取第 2675 个页面
[2015-08-06 11:59:15] 当前爬取第 2675 的内容,发现一个问题 停留很短暂 叫小（）一下 回答数量 1
[2015-08-06 11:59:15] 保存到数据库,此问题的ID为 59697
[2015-08-06 11:59:15] 59697 号问题存在最佳答案 “小憩一下”
[2015-08-06 11:59:15] 保存最佳答案成功
[2015-08-06 11:59:15] 当前爬取第 2675 的内容,发现一个问题 你便捏了钢叉，轻轻地走去。。。。。。省略号的作用 回答数量 1
[2015-08-06 11:59:15] 保存到数据库,此问题的ID为 59698
[2015-08-06 11:59:15] 59698 号问题存在其他答案 给人留下了丰富的联想。
[2015-08-06 11:59:15] 保存其他答案成功
[2015-08-06 11:59:16] 当前爬取第 2675 的内容,发现一个问题 咋用将近 ......才算.......造句 回答数量 1
[2015-08-06 11:59:16] 保存到数据库,此问题的ID为 59699
[2015-08-06 11:59:16] 59699 号问题存在其他答案 你可以用将近两个小时，才算搞定来进行扩展一下就行了
[2015-08-06 11:59:16] 保存其他答案成功
[2015-08-06 11:59:17] 当前爬取第 2675 的内容,发现一个问题 21w1d是什么意思 回答数量 0
[2015-08-06 11:59:17] 保存到数据库,此问题的ID为 59700
[2015-08-06 11:59:17] 当前爬取第 2675 的内容,发现一个问题 在班级的读书心得交流会上，假如你是主持人，你会怎样动员同学们上台发言？ 回答数量 0
[2015-08-06 11:59:17] 保存到数据库,此问题的ID为 59701
[2015-08-06 11:59:18] 当前爬取第 2675 的内容,发现一个问题 伯父已经去世多年了，这两本书我还保存着。表达了我怎样的感情 回答数量 1
[2015-08-06 11:59:18] 保存到数据库,此问题的ID为 59702
[2015-08-06 11:59:18] 59702 号问题存在其他答案 表达了对伯父的怀念。
[2015-08-06 11:59:18] 保存其他答案成功
[2015-08-06 11:59:19] 当前爬取第 2675 的内容,发现一个问题 数码暴龙四个字拼音怎么打 回答数量 0
[2015-08-06 11:59:19] 保存到数据库,此问题的ID为 59703
[2015-08-06 11:59:19] 当前爬取第 2675 的内容,发现一个问题 一日之计在于晨下一句是什么？
回答数量 0
[2015-08-06 11:59:19] 保存到数据库,此问题的ID为 59704
[2015-08-06 11:59:20] 当前爬取第 2675 的内容,发现一个问题 说说带括号的词用得好在哪里：密密层层的枝叶把森林（封）得严严实实的。 回答数量 1
[2015-08-06 11:59:20] 保存到数据库,此问题的ID为 59705
[2015-08-06 11:59:20] 59705 号问题存在其他答案 很形象的写出了枝叶的茂盛。
[2015-08-06 11:59:20] 保存其他答案成功
[2015-08-06 11:59:21] 当前爬取第 2675 的内容,发现一个问题 粗制滥造与吐故纳新有什么不同 回答数量 1
[2015-08-06 11:59:21] 保存到数据库,此问题的ID为 59706
[2015-08-06 11:59:21] 59706 号问题存在最佳答案 粗制滥造
拼音：cūzhìlànzào简拼：czlz同义词：偷工减料敷衍了事反义词：精雕细刻细针密缕用法：联合式；作谓语、宾语、定语；含贬义，用于工作等方面出处：鲁迅《花边文学·商贾的批评》：“如果并不以卖文为活，因此也无须‘粗制滥造’。”解释：滥：过多，不加节制。写文章或做东西马虎草率，只求数量，不顾质量。例子：现在～的翻译，不是这班人干的，就是一些书贾的投机。（鲁迅《二心集·善于翻译的通信》）
粗制滥造是指写文章或做东西马虎草率，只求数量，不顾质量。也泛指工作马虎，不负责任。出自鲁迅《花边文学·商贾的批评》：“如果并不以卖文为活，因此也无须'粗制滥造'
吐故纳新
拼音：tǔgùnàxīn简拼：tgnx同义词：推陈出新新陈代谢反义词：招降纳叛用法：联合式；作谓语、定语、分句；含褒义出处：先秦·庄周《庄子·刻意》：“吹呴呼吸，吐故纳新。”解释：原指人呼吸时，吐出浊气，吸进新鲜空气。现多用来比喻扬弃旧的、不好的，吸收新的，好的。例子：最人涅伏，～，败果既落，新葩欲吐。（鲁迅《集外集·说鈤》）谜语：呼吸
吐故纳新，中国词语，是比喻扬弃旧的、吸收新的、不断更新的意思，出自先秦·庄
[2015-08-06 11:59:21] 保存最佳答案成功
[2015-08-06 11:59:22] 当前爬取第 2675 的内容,发现一个问题 天净沙秋表达了作者什么心情 回答数量 1
[2015-08-06 11:59:22] 保存到数据库,此问题的ID为 59707
[2015-08-06 11:59:22] 59707 号问题存在最佳答案 《天净沙·秋》白朴
孤村落日残霞，轻烟老树寒鸦。一点飞鸿影下。青山绿水，白草红叶黄花。
第一幅是前二句所描绘的。作者撷取了六种自然景物:村、日、霞、烟、树、鸦，再用孤、落、残、轻、老、寒等六个感情色彩一致的词加以点染。六个意象并置在一起，使得整幅画面笼罩着一派萧瑟的气氛，令人感到浓浓的秋意，照应了题目“秋”。“落日残霞”不仅点明了是傍晚时分，更传递出一种“夕阳无限好，只是近黄昏”的无奈惆怅之感。孤零零的小村庄，树木枯老，乌鸦出没，一点生气都没有，又缭绕着飘渺迷蒙的“轻烟”，这样的画面使人不由得会产生一种凄凉、扑朔迷离的情思。在这里，作者正是运用了写实的手法，描绘出一幅暗淡、萧瑟、冷清的迟暮秋景图。
然而，并不是所有的地方都是如此的萧瑟、冷清，看那“一点飞鸿影下”的景象，“青山绿水，白草红叶黄花”。这幅画面色彩斑斓，鲜艳明丽，充满着勃勃的生机，与前一幅画面在环境气氛上，形成了强烈的反差。
同样是秋天之景，为什么有如此大的反差?作者到底是想表达一种什么样的思想感情呢?光比较这两幅画面是找不到明确的答案的，如果联系白朴不愿在元朝做官的态度，答案就不难明白了。画面中的“一点飞鸿
[2015-08-06 11:59:22] 保存最佳答案成功
[2015-08-06 11:59:23] 当前爬取第 2675 的内容,发现一个问题 指字去掉提手旁是什么字 回答数量 1
[2015-08-06 11:59:23] 保存到数据库,此问题的ID为 59708
[2015-08-06 11:59:23] 59708 号问题存在其他答案 是旨意的旨，宗旨的旨，圣旨的旨。
[2015-08-06 11:59:23] 保存其他答案成功
[2015-08-06 11:59:24] 当前爬取第 2675 的内容,发现一个问题 指字去掉提手旁是什么字 回答数量 1
[2015-08-06 11:59:24] 保存到数据库,此问题的ID为 59709
[2015-08-06 11:59:24] 59709 号问题存在其他答案 旨字，http://baike
.baidu.com/link?url=nWfgHodF4bpGfBnO6R09QkY9OKvRBJz5FpjD6aqwLUrG0KEsVFkfo72HilExrGem
[2015-08-06 11:59:24] 保存其他答案成功
[2015-08-06 11:59:24] 当前爬取第 2675 的内容,发现一个问题 挺着胸脯，歪戴着头巾可以用什么词语代替 回答数量 0
[2015-08-06 11:59:24] 保存到数据库,此问题的ID为 59710
[2015-08-06 11:59:25] 当前爬取第 2675 的内容,发现一个问题 没有谁对不起谁，只有谁不懂得珍 惜谁，永远不是一种距离，而是一种决 定   什么意思 回答数量 0
[2015-08-06 11:59:25] 保存到数据库,此问题的ID为 59711
[2015-08-06 11:59:25] 当前爬取第 2675 的内容,发现一个问题 咫尺的寒心，天涯的遥远。什么意思 回答数量 1
[2015-08-06 11:59:25] 保存到数据库,此问题的ID为 59712
[2015-08-06 11:59:25] 59712 号问题存在其他答案 意思是一个人对另一个人寒心了，虽然近在咫尺，但是感觉像天涯般遥远。。
[2015-08-06 11:59:25] 保存其他答案成功
[2015-08-06 11:59:26] 当前爬取第 2675 的内容,发现一个问题 这样精彩的表演，使我赞不绝口。怎样改为反问句 回答数量 0
[2015-08-06 11:59:26] 保存到数据库,此问题的ID为 59713
[2015-08-06 11:59:28] 当前爬取第 2675 的内容,发现一个问题 6页与6篇的区别是什么 回答数量 1
[2015-08-06 11:59:28] 保存到数据库,此问题的ID为 59714
[2015-08-06 11:59:28] 59714 号问题存在其他答案 6页就是六个版面嘛。六篇就篇章，看内容决定多少页了多少版面了
[2015-08-06 11:59:28] 保存其他答案成功
[2015-08-06 11:59:30] 当前爬取第 2675 的内容,发现一个问题 不在做个坏学生  繁体字怎么翻译 回答数量 1
[2015-08-06 11:59:30] 保存到数据库,此问题的ID为 59715
[2015-08-06 11:59:30] 59715 号问题存在其他答案 不在做個壞學生
希望我的回答对您有所帮助，记得给我好评！~
[2015-08-06 11:59:30] 保存其他答案成功
[2015-08-06 11:59:31] 当前爬取第 2675 的内容,发现一个问题 下义其罪，上赏其奸  “其”什么意思 回答数量 0
[2015-08-06 11:59:31] 保存到数据库,此问题的ID为 59716
[2015-08-06 11:59:31] 写入新页码 2675
[2015-08-06 11:59:31] 正在抓取第 2674 个页面
[2015-08-06 11:59:33] 当前爬取第 2674 的内容,发现一个问题 上联：歌舞组合，点燃观众热情。下联对什么 回答数量 0
[2015-08-06 11:59:33] 保存到数据库,此问题的ID为 59717
[2015-08-06 11:59:34] 当前爬取第 2674 的内容,发现一个问题 《大自然的语言》描写各种自然现象的变化为了说明什么？ 回答数量 1
[2015-08-06 11:59:34] 保存到数据库,此问题的ID为 59718
[2015-08-06 11:59:34] 59718 号问题存在其他答案 说明了大自然的文字
到处都有，要善于去发现
[2015-08-06 11:59:34] 保存其他答案成功
[2015-08-06 11:59:35] 当前爬取第 2674 的内容,发现一个问题 孤强到底是什么意思？孤强到底是什么意思？ 回答数量 0
[2015-08-06 11:59:35] 保存到数据库,此问题的ID为 59719
[2015-08-06 11:59:35] 当前爬取第 2674 的内容,发现一个问题 骊山的骊是什么意思呢？请教！ 回答数量 1
[2015-08-06 11:59:35] 保存到数据库,此问题的ID为 59720
[2015-08-06 11:59:35] 59720 号问题存在其他答案 骊本义是指黑色的马
，骊山中“骊”也是马的意思
[2015-08-06 11:59:35] 保存其他答案成功
[2015-08-06 11:59:36] 当前爬取第 2674 的内容,发现一个问题 桂北小女游桂中，择良木，立家具。怎么 对下联 回答数量 0
[2015-08-06 11:59:36] 保存到数据库,此问题的ID为 59721
[2015-08-06 11:59:37] 当前爬取第 2674 的内容,发现一个问题 丹青敷彩歌盛事，翰墨流霞颂和谐是什么意思 回答数量 0
[2015-08-06 11:59:37] 保存到数据库,此问题的ID为 59722
[2015-08-06 11:59:38] 当前爬取第 2674 的内容,发现一个问题 员和右耳刀偏旁是什么字 回答数量 1
[2015-08-06 11:59:38] 保存到数据库,此问题的ID为 59723
[2015-08-06 11:59:38] 59723 号问题存在最佳答案 郧yun
【详细解释】：郧
　　　　　(1)
　　　　　郧
　　　　　yún
　　　　　(2)
　　　　　古国名［Yunstate］
　　　　　郧,汉南之国也。――《说文》
　　　　　(3)
　　　　　在今湖北省安陆县。春秋时为楚所灭
　　　　　(4)
　　　　　古地名［Yuncity］
　　　　　(5)
　　　　　春秋卫地。故城在今江苏省如皋县
　　　　　(6)
　　　　　春秋吴地,在今江苏省如皋县东
　　　　　郧
　　　　　（郧）
　　　　　yún　ㄩㄣˊ
　　　　　(1)
　　　　　古国名，在今中国湖北省安陆县。
　　　　　(2)
　　　　　古地名，在今中国江苏省如臬县。
　　　　　(3)
　　　　　姓。
　　　　　郑码：JLY，U：90E7，GBK：D4C7
　　　　　笔划数：9，部首：阝，笔顺编号：251253452
[2015-08-06 11:59:38] 保存最佳答案成功
[2015-08-06 11:59:40] 当前爬取第 2674 的内容,发现一个问题 你们别吵好不好的白话怎么说 回答数量 0
[2015-08-06 11:59:40] 保存到数据库,此问题的ID为 59724
[2015-08-06 11:59:41] 当前爬取第 2674 的内容,发现一个问题 什么叫定义,什么又叫性质 回答数量 1
[2015-08-06 11:59:41] 保存到数据库,此问题的ID为 59725
[2015-08-06 11:59:41] 59725 号问题存在其他答案 事物的性质定义：事物本身所具有的与其他事物不同的根本属性。
[2015-08-06 11:59:41] 保存其他答案成功
[2015-08-06 11:59:41] 当前爬取第 2674 的内容,发现一个问题 名字‘龙开’什么意思 回答数量 0
[2015-08-06 11:59:41] 保存到数据库,此问题的ID为 59726
[2015-08-06 11:59:41] 当前爬取第 2674 的内容,发现一个问题 读tian二声的字有哪些？ 回答数量 0
[2015-08-06 11:59:41] 保存到数据库,此问题的ID为 59727
[2015-08-06 11:59:42] 当前爬取第 2674 的内容,发现一个问题 报任安书的报是什么意思 回答数量 0
[2015-08-06 11:59:42] 保存到数据库,此问题的ID为 59728
[2015-08-06 11:59:44] 当前爬取第 2674 的内容,发现一个问题 读tian二声的字有哪些？ 回答数量 0
[2015-08-06 11:59:44] 保存到数据库,此问题的ID为 59729
[2015-08-06 11:59:46] 当前爬取第 2674 的内容,发现一个问题 之一是什么表达方式？？？？？？？？？？ 回答数量 0
[2015-08-06 11:59:46] 保存到数据库,此问题的ID为 59730
[2015-08-06 11:59:47] 当前爬取第 2674 的内容,发现一个问题 买甲方赢得是一赔十 什么意思 回答数量 1
[2015-08-06 11:59:47] 保存到数据库,此问题的ID为 59731
[2015-08-06 11:59:47] 59731 号问题存在其他答案 买甲方赢得是一赔十的意思是：假如你买一元甲方赢，最终和你买的结果一样，真的甲方赢了，那么你就可以得到十元
希望对楼主有所帮助
[2015-08-06 11:59:47] 保存其他答案成功
[2015-08-06 12:00:47] 当前爬取第 2674 的内容,发现一个问题 有名望的百岁的老人怎么形容？ 回答数量 0
[2015-08-06 12:00:47] 保存到数据库,此问题的ID为 59732
[2015-08-06 12:00:48] 当前爬取第 2674 的内容,发现一个问题 平装书装订工艺是什么意思
回答数量 1
[2015-08-06 12:00:48] 保存到数据库,此问题的ID为 59733
[2015-08-06 12:00:48] 59733 号问题存在其他答案 平装书
有骑马订，平订，无线胶装，锁线胶装，车线胶装。精装书其实就是在封面和书背上用料和加工工艺不同，有些书是圆背，有些要求压槽，还有些在书口会要求梯形目录。封面的材料主要有纸板和PPC板，纸板上有些还有海棉
[2015-08-06 12:00:48] 保存其他答案成功
[2015-08-06 12:00:48] 当前爬取第 2674 的内容,发现一个问题 徐志摩语：我如果没有愁过你的愁，没有思虑过你的思虑，我就不配说我爱你。什么意思？ 回答数量 0
[2015-08-06 12:00:48] 保存到数据库,此问题的ID为 59734
[2015-08-06 12:00:49] 当前爬取第 2674 的内容,发现一个问题 路边的大树像什么 造句 回答数量 0
[2015-08-06 12:00:49] 保存到数据库,此问题的ID为 59735
[2015-08-06 12:00:49] 当前爬取第 2674 的内容,发现一个问题 菩萨蛮风柔日薄春又早……（1）“睡起觉微寒”，“寒”与词中哪一个字有呼应关系？ 回答数量 1
[2015-08-06 12:00:49] 保存到数据库,此问题的ID为 59736
[2015-08-06 12:00:49] 59736 号问题存在其他答案 就是对比呼应关系哦
[2015-08-06 12:00:49] 保存其他答案成功
[2015-08-06 12:00:49] 写入新页码 2674
[2015-08-06 12:00:49] 正在抓取第 2673 个页面
[2015-08-06 12:00:51] 当前爬取第 2673 的内容,发现一个问题 螺蛳蚌蛙的读音是什么？ 回答数量 1
[2015-08-06 12:00:51] 保存到数据库,此问题的ID为 59737
[2015-08-06 12:00:51] 59737 号问题存在其他答案 luoshifengwa3111声
[2015-08-06 12:00:51] 保存其他答案成功
[2015-08-06 12:00:52] 当前爬取第 2673 的内容,发现一个问题 金毛藏语应该怎么说 回答数量 0
[2015-08-06 12:00:52] 保存到数据库,此问题的ID为 59738
[2015-08-06 12:00:52] 当前爬取第 2673 的内容,发现一个问题 能一字体现威武霸气的字是什么 回答数量 2
[2015-08-06 12:00:52] 保存到数据库,此问题的ID为 59739
[2015-08-06 12:00:52] 59739 号问题存在其他答案 屌，很威武，
[2015-08-06 12:00:52] 保存其他答案成功
[2015-08-06 12:00:52] 59739 号问题存在其他答案 我觉得就是豪字了
[2015-08-06 12:00:52] 保存其他答案成功
[2015-08-06 12:00:54] 当前爬取第 2673 的内容,发现一个问题 观云观怎么读，什么意思 回答数量 1
[2015-08-06 12:00:54] 保存到数据库,此问题的ID为 59740
[2015-08-06 12:00:54] 59740 号问题存在最佳答案 云观yúnguān1.宫殿门前两边所建高台上的楼观。因其高耸，故称。晋葛洪《抱朴子·汉过》：“云观变为狐兔之薮，象魏化为虎豹之蹊。”如果我的回答对你有帮助请给我好评谢谢
[2015-08-06 12:00:54] 保存最佳答案成功
[2015-08-06 12:00:54] 当前爬取第 2673 的内容,发现一个问题 一杯茶的时光繁体字怎么写 回答数量 1
[2015-08-06 12:00:54] 保存到数据库,此问题的ID为 59741
[2015-08-06 12:00:54] 59741 号问题存在其他答案 繁體字是一杯茶
的時光跟間體差別不大。
[2015-08-06 12:00:54] 保存其他答案成功
[2015-08-06 12:00:55] 当前爬取第 2673 的内容,发现一个问题 庶几能人是什么意思呢庶几能人是什么意思呢 回答数量 1
[2015-08-06 12:00:55] 保存到数据库,此问题的ID为 59742
[2015-08-06 12:00:55] 59742 号问题存在最佳答案 能人有多层含义，能人化石最早是1960年在坦桑尼亚奥杜瓦伊峡谷第一层中发现的，当时出土了10～11岁小孩的顶骨、下颌骨、手骨和成人的锁骨、手骨和足骨。
如果我的回答对你有帮助请给我好评谢谢
[2015-08-06 12:00:55] 保存最佳答案成功
[2015-08-06 12:00:55] 当前爬取第 2673 的内容,发现一个问题 故 亦已骚年什么意思？ 回答数量 0
[2015-08-06 12:00:55] 保存到数据库,此问题的ID为 59743
[2015-08-06 12:00:56] 当前爬取第 2673 的内容,发现一个问题 “我，我的母亲，我的妻子和儿子”一句中连用两个“我的”是不是重复？为什么？ 回答数量 1
[2015-08-06 12:00:56] 保存到数据库,此问题的ID为 59744
[2015-08-06 12:00:56] 59744 号问题存在其他答案 可以我我的母亲
我的妻儿
[2015-08-06 12:00:56] 保存其他答案成功
[2015-08-06 12:00:57] 当前爬取第 2673 的内容,发现一个问题 刘的立刀多一竖拼音什么 回答数量 0
[2015-08-06 12:00:57] 保存到数据库,此问题的ID为 59745
[2015-08-06 12:00:58] 当前爬取第 2673 的内容,发现一个问题 彼尧舜之耿介兮 的之什么意思 回答数量 1
[2015-08-06 12:00:58] 保存到数据库,此问题的ID为 59746
[2015-08-06 12:00:58] 59746 号问题存在其他答案 彼尧舜之耿介兮，既遵道而得路翻译
：尧虞舜多么光明正直，他们沿着正道登上坦途。余既不难夫离别兮，伤灵修之数化翻译：我倒不怕被你疏远而远去，伤心的是你毫无主张一再地改变诺言
[2015-08-06 12:00:58] 保存其他答案成功
[2015-08-06 12:00:59] 当前爬取第 2673 的内容,发现一个问题 麸冉是什么意思    大侠帮帮忙 回答数量 0
[2015-08-06 12:00:59] 保存到数据库,此问题的ID为 59747
[2015-08-06 12:01:00] 当前爬取第 2673 的内容,发现一个问题 结恩而绝, 职此之由怎么翻译 回答数量 0
[2015-08-06 12:01:00] 保存到数据库,此问题的ID为 59748
[2015-08-06 12:01:01] 当前爬取第 2673 的内容,发现一个问题 悾棂屾中文中应该怎么读 回答数量 0
[2015-08-06 12:01:01] 保存到数据库,此问题的ID为 59749
[2015-08-06 12:01:07] 当前爬取第 2673 的内容,发现一个问题 使肝肠回旋，是心气激荡。说的是什么成语 回答数量 1
[2015-08-06 12:01:07] 保存到数据库,此问题的ID为 59750
[2015-08-06 12:01:07] 59750 号问题存在其他答案 【回肠荡气】：回：回转；荡：动摇。使肝
肠回旋，使心气激荡。形容文章、乐曲十分婉转动人
[2015-08-06 12:01:07] 保存其他答案成功
[2015-08-06 12:01:09] 当前爬取第 2673 的内容,发现一个问题 左耳旁加个兮上的八改成由什么字 回答数量 0
[2015-08-06 12:01:09] 保存到数据库,此问题的ID为 59751
[2015-08-06 12:01:11] 当前爬取第 2673 的内容,发现一个问题 诗经 蒹葭的题目如何翻译才好听 回答数量 1
[2015-08-06 12:01:11] 保存到数据库,此问题的ID为 59752
[2015-08-06 12:01:11] 59752 号问题存在最佳答案 《蒹葭》是秦国的民歌，这是一首爱情诗，写在恋爱中一个痴情人的心理和感受，十分真实、曲折、动人。“蒹葭”是荻苇、芦苇的合称，皆水边所生。“蒹葭苍苍，白露为霜”，描写了一幅秋苇苍苍、白露茫茫、寒霜浓重的清凉景色，暗衬出主人公身当此时此景的心情。“所谓伊人，在水一方”，朱熹《诗集传》：“伊人，犹彼人也。”在此处指主人公朝思暮想的意中人。眼前本来是秋景寂寂，秋水漫漫，什么也没有，可由于牵肠挂肚的思念，他似乎遥遥望见意中人就在水的那一边，于是想去追寻她，以期欢聚。“遡洄从之，道阻且长”，主人公沿着河岸向上游走，去寻求意中人的踪迹，但道路上障碍很多，很难走，且又迂曲遥远。“遡游从之，宛在水中央”那就从水路游着去寻找她吗，但不论主人公怎么游，总到不了她的身边，她仿佛就永远在水中央，可望而不可即。这几句写的是主人公的幻觉，眼前总是浮动着一个迷离的人影，似真不真，似假不假，不管是陆行，还是水游，总无法接近她，仿佛在绕着圆心转圈子。因而他兀自在水边徘徊往复，神魂不安。这显然勾勒的是一幅朦胧的意境，描写的是一种痴迷的心情，使整个诗篇蒙上了一片迷惘与感伤的情调。下面两章只换少许字词，反复咏唱。“未晞”，未干。
[2015-08-06 12:01:11] 保存最佳答案成功
[2015-08-06 12:01:11] 当前爬取第 2673 的内容,发现一个问题 哪个字有孤单失落的意思 回答数量 1
[2015-08-06 12:01:11] 保存到数据库,此问题的ID为 59753
[2015-08-06 12:01:11] 59753 号问题存在其他答案 落寞...
[2015-08-06 12:01:11] 保存其他答案成功
[2015-08-06 12:01:12] 当前爬取第 2673 的内容,发现一个问题 你口是心非说不冷 我死心塌地说我热    是什么意思 回答数量 1
[2015-08-06 12:01:12] 保存到数据库,此问题的ID为 59754
[2015-08-06 12:01:12] 59754 号问题存在其他答案 你心口不一致说自己不冷，我打定了主意决不改变说热。
[2015-08-06 12:01:12] 保存其他答案成功
[2015-08-06 12:01:13] 当前爬取第 2673 的内容,发现一个问题 我想知道用什么词汇形容红枣 回答数量 1
[2015-08-06 12:01:13] 保存到数据库,此问题的ID为 59755
[2015-08-06 12:01:13] 59755 号问题存在其他答案 酸溜溜的枣子，红彤彤的枣子，脆生生的枣子，甜滋滋的枣子
[2015-08-06 12:01:13] 保存其他答案成功
[2015-08-06 12:01:14] 当前爬取第 2673 的内容,发现一个问题 小蚂蚁急匆匆地回家搬救兵去了用的是什么修辞手法 回答数量 1
[2015-08-06 12:01:14] 保存到数据库,此问题的ID为 59756
[2015-08-06 12:01:14] 59756 号问题存在其他答案 用了拟人的修辞手法
[2015-08-06 12:01:14] 保存其他答案成功
[2015-08-06 12:01:14] 写入新页码 2673
[2015-08-06 12:01:14] 正在抓取第 2672 个页面
[2015-08-06 12:01:15] 当前爬取第 2672 的内容,发现一个问题 打柴的孩子归来了  打  是什么意思 回答数量 1
[2015-08-06 12:01:15] 保存到数据库,此问题的ID为 59757
[2015-08-06 12:01:15] 59757 号问题存在其他答案 就是砍柴的孩子
的意思。打柴就是砍柴
[2015-08-06 12:01:15] 保存其他答案成功
[2015-08-06 12:01:16] 当前爬取第 2672 的内容,发现一个问题 旅的音序和第十一画是什么 回答数量 0
[2015-08-06 12:01:16] 保存到数据库,此问题的ID为 59758
[2015-08-06 12:01:17] 当前爬取第 2672 的内容,发现一个问题 我非常喜欢你合肥话怎么说 回答数量 1
[2015-08-06 12:01:17] 保存到数据库,此问题的ID为 59759
[2015-08-06 12:01:17] 59759 号问题存在其他答案 woraiz差不多就是这样电脑
上面不好打
[2015-08-06 12:01:17] 保存其他答案成功
[2015-08-06 12:01:18] 当前爬取第 2672 的内容,发现一个问题 化合物在水中成中性是什么意思 回答数量 0
[2015-08-06 12:01:18] 保存到数据库,此问题的ID为 59760
[2015-08-06 12:01:18] 当前爬取第 2672 的内容,发现一个问题 身体前倾的倾什么意思 回答数量 0
[2015-08-06 12:01:18] 保存到数据库,此问题的ID为 59761
[2015-08-06 12:01:19] 当前爬取第 2672 的内容,发现一个问题 白白的；枉然是什么意思 回答数量 1
[2015-08-06 12:01:19] 保存到数据库,此问题的ID为 59762
[2015-08-06 12:01:19] 59762 号问题存在其他答案 意思是：白费。
做什么都没有用了。（愿你给个好评,急需啊~%&gt;_
[2015-08-06 12:01:19] 保存其他答案成功
[2015-08-06 12:01:20] 当前爬取第 2672 的内容,发现一个问题 破坏，糟蹋可以用什么词语来形容 回答数量 1
[2015-08-06 12:01:20] 保存到数据库,此问题的ID为 59763
[2015-08-06 12:01:20] 59763 号问题存在其他答案 可以用践踏来形容。如果您觉得正确或者采纳的话，麻烦给我好评哦，谢谢。
[2015-08-06 12:01:20] 保存其他答案成功
[2015-08-06 12:01:20] 当前爬取第 2672 的内容,发现一个问题 晟熠是什么意思 回答数量 1
[2015-08-06 12:01:20] 保存到数据库,此问题的ID为 59764
[2015-08-06 12:01:20] 59764 号问题存在其他答案 煜yù&lt;动&gt;(形声。从火,昱(yù)声。本义:照耀)同本义[shine]日以煜乎昼,月以煜乎夜。——《太玄·元告》煜yù&lt;形&gt;光耀;明亮[bright]。如:煜明(光亮);煜烁(光辉灿烂);煜炜(光彩华盛貌);煜熠(光明织盛);煜耀(光彩照射)煜煜yùyù[bright]明亮的样子煜yùㄩˋ照耀：“日以～乎昼，月以～乎夜”。〔～～〕明亮的样子，如“岭上疏星明～～”。火焰：“飞烽戢～而泱漭”。～熠。郑码：UOKS，U：715C，GBK：ECCF笔画数：13，部首：火，笔顺编号：4334251141431晟shèng&lt;形&gt;光明炽盛[bright]昂头冠三山,俯瞰旭日晟。(朝阳光明炽盛。)——郝经《原古上元学士》兴盛[prosperous;thriving]自秦创兴,于周转晟。——《西陲石刻录·周李君修佛龛碑》晟shèngㄕㄥˋ光明。旺盛，兴盛。郑码：KHY，U：665F，GBK：EAC9
笔画数：10，部首：日，笔顺编号：251113553
										...
[2015-08-06 12:01:20] 保存其他答案成功
[2015-08-06 12:01:21] 当前爬取第 2672 的内容,发现一个问题 思为本   列为钢   克为重   行为先什么意思 回答数量 1
[2015-08-06 12:01:21] 保存到数据库,此问题的ID为 59765
[2015-08-06 12:01:22] 当前爬取第 2672 的内容,发现一个问题 晟熠 中文是什么意思 回答数量 1
[2015-08-06 12:01:22] 保存到数据库,此问题的ID为 59766
[2015-08-06 12:01:22] 59766 号问题存在最佳答案 1.晟[shèng]2.晟[chéng]光明。旺盛，兴盛的意思。熠,中文发音读作yì,这个字的意思是光耀,鲜明,诚心为你解答，给个好评哦亲，谢谢了
[2015-08-06 12:01:22] 保存最佳答案成功
[2015-08-06 12:01:23] 当前爬取第 2672 的内容,发现一个问题 "潍苡"这两个字怎么读?是什么意思？谢谢！ 回答数量 0
[2015-08-06 12:01:23] 插入数据失败，原因 1064: You have an error in your SQL syntax; check the manual that corresponds to your MySQL server version for the right syntax to use near '潍苡"这两个字怎么读?是什么意思？谢谢！"," 0"," 陈龙"," http:' at line 1
[2015-08-06 12:01:23] 保存到数据库,此问题的ID为 None
[2015-08-06 12:01:24] 当前爬取第 2672 的内容,发现一个问题 求解“潍苡”这两个字怎么读啊？谢谢！ 回答数量 1
[2015-08-06 12:01:24] 保存到数据库,此问题的ID为 59767
[2015-08-06 12:01:24] 59767 号问题存在其他答案 读为：weiyi（愿你给个好评,急需啊~%&gt;_
[2015-08-06 12:01:24] 保存其他答案成功
[2015-08-06 12:01:24] 当前爬取第 2672 的内容,发现一个问题 逾期滞留在出入境管理中是什么意思？ 回答数量 1
[2015-08-06 12:01:24] 保存到数据库,此问题的ID为 59768
[2015-08-06 12:01:25] 当前爬取第 2672 的内容,发现一个问题 xian第三声shou第四声是什么词 回答数量 0
[2015-08-06 12:01:25] 保存到数据库,此问题的ID为 59769
[2015-08-06 12:01:26] 当前爬取第 2672 的内容,发现一个问题 请问窗的音序怎么查啊 回答数量 2
[2015-08-06 12:01:26] 保存到数据库,此问题的ID为 59770
[2015-08-06 12:01:26] 59770 号问题存在其他答案 指音节的第一个字母的大写，C
啊，chuang就是窗的全拼，希望对你有帮助,祝你顺利，期待你的好评，谢谢鼓励。
[2015-08-06 12:01:26] 保存其他答案成功
[2015-08-06 12:01:26] 59770 号问题存在其他答案 先找声母S,在S开头的音节里找第二个字母,如此一个个进行直到shuang
[2015-08-06 12:01:26] 保存其他答案成功
[2015-08-06 12:01:26] 当前爬取第 2672 的内容,发现一个问题 秋风裹着一股股凉意   裹的作用 回答数量 1
[2015-08-06 12:01:26] 保存到数据库,此问题的ID为 59771
[2015-08-06 12:01:26] 59771 号问题存在其他答案 夹带的作用,希望可以帮到你。
[2015-08-06 12:01:26] 保存其他答案成功
[2015-08-06 12:01:27] 当前爬取第 2672 的内容,发现一个问题 操守和信念是近义词吗？ 回答数量 1
[2015-08-06 12:01:27] 保存到数据库,此问题的ID为 59772
[2015-08-06 12:01:27] 59772 号问题存在其他答案 不是近义词，操守是品德的意思。信念是意志的意思。
[2015-08-06 12:01:27] 保存其他答案成功
[2015-08-06 12:01:28] 当前爬取第 2672 的内容,发现一个问题 【   】那十几个路人没有选择漠视，小悦悦【  】不会那么早离开我们。巧填关联词？ 回答数量 0
[2015-08-06 12:01:28] 保存到数据库,此问题的ID为 59773
[2015-08-06 12:01:29] 当前爬取第 2672 的内容,发现一个问题 我们永远都热爱自己伟大的祖国韵母是后韵母的字是什么 回答数量 1
[2015-08-06 12:01:29] 保存到数据库,此问题的ID为 59774
[2015-08-06 12:01:29] 59774 号问题存在其他答案 这个字应该是乳字了
[2015-08-06 12:01:29] 保存其他答案成功
[2015-08-06 12:01:30] 当前爬取第 2672 的内容,发现一个问题 用什么成语形容民族的衰和兴 回答数量 1
[2015-08-06 12:01:30] 保存到数据库,此问题的ID为 59775
[2015-08-06 12:01:30] 59775 号问题存在最佳答案 兴：国富民强
衰：积贫积弱、生灵涂炭
[2015-08-06 12:01:30] 保存最佳答案成功
[2015-08-06 12:01:30] 写入新页码 2672
[2015-08-06 12:01:30] 正在抓取第 2671 个页面
[2015-08-06 12:01:34] 当前爬取第 2671 的内容,发现一个问题 孩子们的欢声笑语在宽敞、明亮的教室里回荡。求缩句后的句子
回答数量 0
[2015-08-06 12:01:34] 保存到数据库,此问题的ID为 59776
[2015-08-06 12:01:35] 当前爬取第 2671 的内容,发现一个问题 孩子们的欢声笑语在宽敞、明亮的教室里回荡。缩句是什么 回答数量 1
[2015-08-06 12:01:35] 保存到数据库,此问题的ID为 59777
[2015-08-06 12:01:35] 59777 号问题存在其他答案 欢声笑语在教室里回荡。希望对你有帮助,祝你顺利，期待你的好评，谢谢鼓励。
[2015-08-06 12:01:35] 保存其他答案成功
[2015-08-06 12:01:36] 当前爬取第 2671 的内容,发现一个问题 动态助词有哪些,列举五个 回答数量 1
[2015-08-06 12:01:36] 保存到数据库,此问题的ID为 59778
[2015-08-06 12:01:36] 59778 号问题存在最佳答案 助词助词是附着在词,短语,句子的前面或后面,表示结构关系或某些附加意义的虚词。助词有就够助词,动态助词,语气助词三种。资料来自网络!)在基本英语三个词的...
[2015-08-06 12:01:36] 保存最佳答案成功
[2015-08-06 12:01:37] 当前爬取第 2671 的内容,发现一个问题 一个口字旁，上面是业的，下面是美的念什么字 回答数量 0
[2015-08-06 12:01:37] 保存到数据库,此问题的ID为 59779
[2015-08-06 12:01:38] 当前爬取第 2671 的内容,发现一个问题 人字下面一个工是什么字 回答数量 1
[2015-08-06 12:01:38] 保存到数据库,此问题的ID为 59780
[2015-08-06 12:01:38] 59780 号问题存在其他答案 仝[tóng]希望对你有帮助,祝你顺利，期待你的好评，谢谢鼓励。
[2015-08-06 12:01:38] 保存其他答案成功
[2015-08-06 12:01:40] 当前爬取第 2671 的内容,发现一个问题 恐忧其难也   是什么意思 回答数量 1
[2015-08-06 12:01:40] 保存到数据库,此问题的ID为 59781
[2015-08-06 12:01:40] 59781 号问题存在最佳答案 恐害怕恐怕忧担心其代词指这件事意思担心害怕这件事很难
[2015-08-06 12:01:40] 保存最佳答案成功
[2015-08-06 12:01:41] 当前爬取第 2671 的内容,发现一个问题 清纯善良，用什么词表达 回答数量 0
[2015-08-06 12:01:41] 保存到数据库,此问题的ID为 59782
[2015-08-06 12:01:41] 当前爬取第 2671 的内容,发现一个问题 三个字的词语有哪些比如；松竹梅 回答数量 0
[2015-08-06 12:01:41] 保存到数据库,此问题的ID为 59783
[2015-08-06 12:01:42] 当前爬取第 2671 的内容,发现一个问题 殷殷期盼是什么意思？ 回答数量 1
[2015-08-06 12:01:42] 保存到数据库,此问题的ID为 59784
[2015-08-06 12:01:42] 59784 号问题存在其他答案 殷殷的意思有很多，亲可在这里查看http://baike
.baidu.com/view/2965694.htm，我觉得此处的“殷殷”应取“恳切、殷切、急迫貌”之意，所以此词语的意思是一种迫切的希望，这是我个人的见解，希望对你有所帮助！谢谢请给我一个好评
[2015-08-06 12:01:42] 保存其他答案成功
[2015-08-06 12:01:43] 当前爬取第 2671 的内容,发现一个问题 彼此有硬性的阻隔，或软性的隔阂是什么意思 回答数量 1
[2015-08-06 12:01:43] 保存到数据库,此问题的ID为 59785
[2015-08-06 12:01:43] 59785 号问题存在其他答案 就是两个人之间有隔阂，硬性的比如家庭条件，软性的就是自己的素质或者文化相关信息阿澀。阿澀。澳洲那裡是你最推薦的。二手生活的中间人
：啊涩，......阿涩我一直看你都在旅游卫视的节目请问......你好，对刚刚大学毕业的我们工资少时间紧，......克罗米芬普罗米修斯下载普罗米修斯高清西安相声满腹经纶普罗米修斯盗火
程度爱好，希望对你有帮助,祝你顺利，期待你的好评，谢谢鼓励。
[2015-08-06 12:01:43] 保存其他答案成功
[2015-08-06 12:01:43] 当前爬取第 2671 的内容,发现一个问题 什么寓意是奉劝人们做事情要三思而后行，以免总了坏人的圈套 回答数量 1
[2015-08-06 12:01:43] 保存到数据库,此问题的ID为 59786
[2015-08-06 12:01:43] 59786 号问题存在其他答案 伊索寓言------蛇
与蟹蛇与蟹住在一起。蟹总是真诚和友好地与蛇相处，而蛇却阴险卑鄙。蟹经常劝告蛇要真诚、正直，而蛇却全当耳边风。因此蟹十分气愤，忍无可忍，趁蛇睡着时，把蛇掐死了。蟹看着蛇僵直地躺在地下，说道：“喂，朋友，现在你死了，也用不着真诚、正直了，你要是能听我的劝告，就不至于被杀。”　　这故事是说，对有些人来说，也许他死了对人们还好一些。
[2015-08-06 12:01:43] 保存其他答案成功
[2015-08-06 12:01:44] 当前爬取第 2671 的内容,发现一个问题 元旦这两个字怎么拼写、? 回答数量 0
[2015-08-06 12:01:44] 保存到数据库,此问题的ID为 59787
[2015-08-06 12:01:45] 当前爬取第 2671 的内容,发现一个问题 题画兰的非子是什么意思 回答数量 1
[2015-08-06 12:01:45] 保存到数据库,此问题的ID为 59788
[2015-08-06 12:01:45] 59788 号问题存在其他答案 诗
句：身在前山顶上头，突岩深缝妙香稠。非无脚下浮云闹，来不相知去不留。诗意：兰花生长在山崖的顶端他的香气飘散四溢,在突出的岩石和深深的岩缝中美妙花香浓郁芬芳.不是脚下没有浮云翻滚的喧闹只是兰花不愿意去理睬他,不知道他们什么时候来到更不会去挽留他.非的意思是——不是非无脚下浮云闹——不是没有喧闹的浮云讲的是兰之幽香沁人心脾，寓意孤芳自赏。借物咏志，状物抒怀.
[2015-08-06 12:01:45] 保存其他答案成功
[2015-08-06 12:01:45] 当前爬取第 2671 的内容,发现一个问题 在云上加几画可以变成哪些字 回答数量 0
[2015-08-06 12:01:45] 保存到数据库,此问题的ID为 59789
[2015-08-06 12:01:47] 当前爬取第 2671 的内容,发现一个问题 “看着看着，这件花衣好像被风儿吹动，叫你希望看见一点更美的山的肌肤”是什么写法 回答数量 0
[2015-08-06 12:01:47] 保存到数据库,此问题的ID为 59790
[2015-08-06 12:01:49] 当前爬取第 2671 的内容,发现一个问题 简政放权是什么意思？ 回答数量 1
[2015-08-06 12:01:49] 保存到数据库,此问题的ID为 59791
[2015-08-06 12:01:49] 59791 号问题存在其他答案 简政放权指精简政府
机构，把经营管理权下放给企业。是中国在经济体制改革开始阶段，针对高度集中的计划经济体制下政企职责不分、政府直接经营管理企业的状况，为增强企业活力，扩大企业经营自主权而采取的改革措施。谢谢请给我一个好评
[2015-08-06 12:01:49] 保存其他答案成功
[2015-08-06 12:01:49] 当前爬取第 2671 的内容,发现一个问题 小鹿在小溪边喝水  是拟人句么？ 回答数量 1
[2015-08-06 12:01:49] 保存到数据库,此问题的ID为 59792
[2015-08-06 12:01:49] 59792 号问题存在其他答案 不是的，小鹿也可以喝水的
[2015-08-06 12:01:49] 保存其他答案成功
[2015-08-06 12:01:50] 当前爬取第 2671 的内容,发现一个问题 大雪很快覆盖了军机处长的身体，他变成了一坐晶莹的丰碑。是什么修辞方法 回答数量 1
[2015-08-06 12:01:50] 保存到数据库,此问题的ID为 59793
[2015-08-06 12:01:50] 59793 号问题存在其他答案 比喻，把军机处长的身体比喻为晶莹的丰碑，希望对你有帮助,祝你顺利，期待你的好评，谢谢鼓励。
[2015-08-06 12:01:50] 保存其他答案成功
[2015-08-06 12:01:50] 当前爬取第 2671 的内容,发现一个问题 女生的女字怎么单打，给我拼音 回答数量 1
[2015-08-06 12:01:50] 保存到数据库,此问题的ID为 59794
[2015-08-06 12:01:50] 59794 号问题存在其他答案 NV就可以打出来了
[2015-08-06 12:01:50] 保存其他答案成功
[2015-08-06 12:01:51] 当前爬取第 2671 的内容,发现一个问题 古人怎么称呼被子 是祲 还是衿 回答数量 2
[2015-08-06 12:01:51] 保存到数据库,此问题的ID为 59795
[2015-08-06 12:01:51] 59795 号问题存在其他答案 衾【拼音】：[qīn]
[2015-08-06 12:01:51] 保存其他答案成功
[2015-08-06 12:01:51] 59795 号问题存在其他答案 衾（qin）见《茅屋为秋风所破歌
》中的“布衾(qīn)多年冷似铁，娇儿恶卧踏里裂”，这里的布衾就是被子。古代把被子就叫做“衾”。
[2015-08-06 12:01:51] 保存其他答案成功
[2015-08-06 12:01:51] 写入新页码 2671
[2015-08-06 12:01:51] 正在抓取第 2670 个页面
[2015-08-06 12:01:53] 当前爬取第 2670 的内容,发现一个问题 黔麳蹇 是什么意思？ 回答数量 0
[2015-08-06 12:01:53] 保存到数据库,此问题的ID为 59796
[2015-08-06 12:01:54] 当前爬取第 2670 的内容,发现一个问题 羽翼是整体认读音节的词语吗？ 回答数量 1
[2015-08-06 12:01:54] 保存到数据库,此问题的ID为 59797
[2015-08-06 12:01:54] 59797 号问题存在其他答案 羽翼是整体认读音节的词语,整体认读音节就是一口读出,不拼读的音节.
[2015-08-06 12:01:54] 保存其他答案成功
[2015-08-06 12:01:54] 当前爬取第 2670 的内容,发现一个问题 《雨荷&gt;&gt;第三段中 漫天的雨纷然而又漠然 ，这句描写在文中的作用是什么 回答数量 1
[2015-08-06 12:01:54] 保存到数据库,此问题的ID为 59798
[2015-08-06 12:01:54] 59798 号问题存在其他答案 起到了展开下文的点头。（愿你给个好评,急需啊~%&gt;_
[2015-08-06 12:01:54] 保存其他答案成功
[2015-08-06 12:01:55] 当前爬取第 2670 的内容,发现一个问题 我们被音乐磅礴的气势所征服了。怎么改为双重否定句？ 回答数量 0
[2015-08-06 12:01:55] 保存到数据库,此问题的ID为 59799
[2015-08-06 12:01:55] 当前爬取第 2670 的内容,发现一个问题 上浜一浚的浚 为利无穷的利 水年藏水以备不虞的虞 即为肥田之利的肥 是什么意思？ 回答数量 1
[2015-08-06 12:01:55] 保存到数据库,此问题的ID为 59800
[2015-08-06 12:01:55] 59800 号问题存在其他答案 上浜一浚,为利无穷。早年蓄水以资灌溉,水年藏水以备不虞,深者养鱼
为利,浅者种荷为利。其地瘠者,每年以{南}泥取污,即为肥田之利。其...
[2015-08-06 12:01:55] 保存其他答案成功
[2015-08-06 12:01:56] 当前爬取第 2670 的内容,发现一个问题 鱼，我所欲也；熊掌，亦我所欲也。（句中的“鱼”和“熊掌”分别比喻什么？） 回答数量 1
[2015-08-06 12:01:56] 保存到数据库,此问题的ID为 59801
[2015-08-06 12:01:56] 59801 号问题存在其他答案 鱼
与熊掌这里指代人的两种欲望，通过下文看熊掌指代的欲望更为强烈，所以就取熊掌了。此处设喻的目的无非是让读者有更切身的体会，使说理更为生动。
[2015-08-06 12:01:56] 保存其他答案成功
[2015-08-06 12:01:57] 当前爬取第 2670 的内容,发现一个问题 那么复杂的乡村夜路，我怎么认得回去的路？改为陈述句 回答数量 0
[2015-08-06 12:01:57] 保存到数据库,此问题的ID为 59802
[2015-08-06 12:01:57] 当前爬取第 2670 的内容,发现一个问题 几尽绝望的拼音是什么 回答数量 0
[2015-08-06 12:01:57] 保存到数据库,此问题的ID为 59803
[2015-08-06 12:01:58] 当前爬取第 2670 的内容,发现一个问题 如是再啮的啮是什么意思？ 回答数量 0
[2015-08-06 12:01:58] 保存到数据库,此问题的ID为 59804
[2015-08-06 12:01:58] 当前爬取第 2670 的内容,发现一个问题 拓展三分之二与新增三分之二的区别 回答数量 1
[2015-08-06 12:01:58] 保存到数据库,此问题的ID为 59805
[2015-08-06 12:01:58] 59805 号问题存在其他答案 拓展是指在原有的基础上延长三分之二，新增三分之二是在原来没有的地方增加三分之二。（愿你给个好评,急需啊~%&gt;_
[2015-08-06 12:01:58] 保存其他答案成功
[2015-08-06 12:01:59] 当前爬取第 2670 的内容,发现一个问题 “黑”的音序是什么 回答数量 1
[2015-08-06 12:01:59] 保存到数据库,此问题的ID为 59806
[2015-08-06 12:01:59] 当前爬取第 2670 的内容,发现一个问题 到华山游玩，会想到一句俗语:华山自古一条道，这句俗语说明了什么？、 回答数量 0
[2015-08-06 12:01:59] 保存到数据库,此问题的ID为 59807
[2015-08-06 12:01:59] 当前爬取第 2670 的内容,发现一个问题 xie中文字 回答数量 0
[2015-08-06 12:01:59] 保存到数据库,此问题的ID为 59808
[2015-08-06 12:02:00] 当前爬取第 2670 的内容,发现一个问题 到华山游玩，会想到一句俗语:华山自古一条道，这句俗语说明了什么？、 回答数量 1
[2015-08-06 12:02:00] 保存到数据库,此问题的ID为 59809
[2015-08-06 12:02:00] 59809 号问题存在其他答案 这句俗语说明了华山的险峻。如果您觉得正确或者采纳的话，麻烦给我好评哦，谢谢。
[2015-08-06 12:02:00] 保存其他答案成功
[2015-08-06 12:02:00] 当前爬取第 2670 的内容,发现一个问题 看到这雄伟的建筑，人们无不赞不绝口。改为肯定句是什么 回答数量 1
[2015-08-06 12:02:00] 保存到数据库,此问题的ID为 59810
[2015-08-06 12:02:00] 59810 号问题存在最佳答案 、句子部分
【复习要点】
1、知道什么是句子，从语气和作用上了解句子的类型。
2、扩句和缩句练习。
3、认识几种常见的修辞手法。
4、认识并修改常见的病句。
5、进行句式变换练习。
6、掌握标点符号的用法。
【知识平台】
（一）句子及其类型
1、认识什么是句子。
句子就是由词或词组构成的，能够表达一个完整的意思，其组成形式是“谁（什么、哪里）”加“做什么（是什么、怎么样）”。
例如：在明亮的教室里认真地学习知识。
认识句子对我们后面的修改病句、句式变换等很有帮助。
2、分辨陈述句、疑问句、祈使句、感叹句四种句子类型。
陈述句：能告诉别人一件事的句子，句末用句号。如：我游览了长城。
疑问句：向别人提出问题的句子，句末用问号。如：日子为什么一去不复返呢？
祈使句：向别人得出要求的句子，句末一般用句号，有时也用感叹号。如：油库重地，请勿吸烟！
感叹句：带有快乐、惊讶、厌恶等浓厚感情的句子，句末用感叹号。如：我们的生活多幸福啊！
（二）改变句式
【备考点】
同一个意思可以采取多种形式进行表达。表达样式不一样，语言效果也不一样。变换句式，就是把一个句
[2015-08-06 12:02:00] 保存最佳答案成功
[2015-08-06 12:02:01] 当前爬取第 2670 的内容,发现一个问题 ”黑“的音序是什么？请回答我 回答数量 1
[2015-08-06 12:02:01] 保存到数据库,此问题的ID为 59811
[2015-08-06 12:02:01] 59811 号问题存在其他答案 H,,,,
[2015-08-06 12:02:01] 保存其他答案成功
[2015-08-06 12:02:01] 当前爬取第 2670 的内容,发现一个问题 xie中文什么字///////111111111////1// 回答数量 0
[2015-08-06 12:02:01] 保存到数据库,此问题的ID为 59812
[2015-08-06 12:03:02] 当前爬取第 2670 的内容,发现一个问题 别和我说天长地久繁体字怎么写 回答数量 0
[2015-08-06 12:03:02] 保存到数据库,此问题的ID为 59813
[2015-08-06 12:03:04] 当前爬取第 2670 的内容,发现一个问题 变做一个鱼儿,淬入水中的淬什么意思 回答数量 0
[2015-08-06 12:03:04] 保存到数据库,此问题的ID为 59814
[2015-08-06 12:03:05] 当前爬取第 2670 的内容,发现一个问题 [曹刿论战]的弗敢加也的加古义是什么？今意是什么？ 回答数量 0
[2015-08-06 12:03:05] 保存到数据库,此问题的ID为 59815
[2015-08-06 12:03:05] 写入新页码 2670
[2015-08-06 12:03:05] 正在抓取第 2669 个页面
[2015-08-06 12:03:12] 当前爬取第 2669 的内容,发现一个问题 宏加偏旁，组成新字，再组词 回答数量 1
[2015-08-06 12:03:12] 保存到数据库,此问题的ID为 59816
[2015-08-06 12:03:12] 59816 号问题存在其他答案 宏加偏旁，组成新字：
1、浤；组词：浤浤汨汨
2、鋐；组词：鋐器
[2015-08-06 12:03:12] 保存其他答案成功
[2015-08-06 12:03:17] 当前爬取第 2669 的内容,发现一个问题 词语净化是什么意思？词语净化是什么意思？ 回答数量 1
[2015-08-06 12:03:17] 保存到数据库,此问题的ID为 59817
[2015-08-06 12:03:17] 59817 号问题存在其他答案 词语净化就是让现在粗俗的词语都消失，变的都礼貌而且不会让人觉得污秽
[2015-08-06 12:03:17] 保存其他答案成功
[2015-08-06 12:03:21] 当前爬取第 2669 的内容,发现一个问题 很一般什么意思??????? 回答数量 1
[2015-08-06 12:03:21] 保存到数据库,此问题的ID为 59818
[2015-08-06 12:03:21] 59818 号问题存在其他答案 要看什么语句语气了的。
[2015-08-06 12:03:21] 保存其他答案成功
[2015-08-06 12:03:24] 当前爬取第 2669 的内容,发现一个问题 自叹每有欲往的往是什么意思 回答数量 0
[2015-08-06 12:03:24] 保存到数据库,此问题的ID为 59819
[2015-08-06 12:03:25] 当前爬取第 2669 的内容,发现一个问题 如何讲授乌鸦这个词语 回答数量 0
[2015-08-06 12:03:25] 保存到数据库,此问题的ID为 59820
[2015-08-06 12:03:26] 当前爬取第 2669 的内容,发现一个问题 御这个字有多少个读音 回答数量 0
[2015-08-06 12:03:26] 保存到数据库,此问题的ID为 59821
[2015-08-06 12:03:27] 当前爬取第 2669 的内容,发现一个问题 ‘NB格调男’是什么意思？？？ 回答数量 1
[2015-08-06 12:03:27] 保存到数据库,此问题的ID为 59822
[2015-08-06 12:03:27] 59822 号问题存在最佳答案 这是潮语，比喻。非常厉害而且有品位的男人，希望对你有帮助,祝你顺利，期待你的好评，谢谢鼓励。
[2015-08-06 12:03:27] 保存最佳答案成功
[2015-08-06 12:03:27] 当前爬取第 2669 的内容,发现一个问题 孔子的一生致力于“仁”的探讨与宣扬，结合《论语》有关“仁”的思想，从“仁”是什么 回答数量 0
[2015-08-06 12:03:27] 保存到数据库,此问题的ID为 59823
[2015-08-06 12:03:27] 当前爬取第 2669 的内容,发现一个问题 上浜一浚的浚 为利无穷的利 水年藏水以备不虞的虞 即为肥田之利的肥 是什么意思？ 回答数量 0
[2015-08-06 12:03:27] 保存到数据库,此问题的ID为 59824
[2015-08-06 12:03:28] 当前爬取第 2669 的内容,发现一个问题 一个口加一兄是什么字 回答数量 1
[2015-08-06 12:03:28] 保存到数据库,此问题的ID为 59825
[2015-08-06 12:03:28] 59825 号问题存在其他答案 这是咒的异体字
希望我的回答对您有所帮助，记得给我好评！~
[2015-08-06 12:03:28] 保存其他答案成功
[2015-08-06 12:03:29] 当前爬取第 2669 的内容,发现一个问题 用美组词：什么美浪漫的女声，什么美的创作（不能重复） 回答数量 1
[2015-08-06 12:03:29] 保存到数据库,此问题的ID为 59826
[2015-08-06 12:03:29] 59826 号问题存在其他答案 优美浪漫
完美
[2015-08-06 12:03:29] 保存其他答案成功
[2015-08-06 12:03:30] 当前爬取第 2669 的内容,发现一个问题 我搭上前爪，将粘在表面的菜叶挠下来。 属于什么描写 回答数量 2
[2015-08-06 12:03:30] 保存到数据库,此问题的ID为 59827
[2015-08-06 12:03:30] 59827 号问题存在其他答案 拟人手法，描写动物
的动作，希望对你有帮助,祝你顺利，期待你的好评，谢谢鼓励。
[2015-08-06 12:03:30] 保存其他答案成功
[2015-08-06 12:03:30] 59827 号问题存在其他答案 属于动作描写。。
[2015-08-06 12:03:30] 保存其他答案成功
[2015-08-06 12:03:31] 当前爬取第 2669 的内容,发现一个问题 最美女孩的最美是什么意思 回答数量 0
[2015-08-06 12:03:31] 保存到数据库,此问题的ID为 59828
[2015-08-06 12:03:32] 当前爬取第 2669 的内容,发现一个问题 休改病句   我们要及时解决并发现学校中存在的问题 回答数量 1
[2015-08-06 12:03:32] 保存到数据库,此问题的ID为 59829
[2015-08-06 12:03:32] 59829 号问题存在其他答案 我们要及时发现并解决学校
存在的问题。
[2015-08-06 12:03:32] 保存其他答案成功
[2015-08-06 12:03:32] 当前爬取第 2669 的内容,发现一个问题 日字加竖折勾是什么字 回答数量 0
[2015-08-06 12:03:32] 保存到数据库,此问题的ID为 59830
[2015-08-06 12:03:33] 当前爬取第 2669 的内容,发现一个问题 面对嫉妒，心底有路中本文表达了作者怎样的观点 回答数量 0
[2015-08-06 12:03:33] 保存到数据库,此问题的ID为 59831
[2015-08-06 12:03:34] 当前爬取第 2669 的内容,发现一个问题 障目结舌是什么意思11111111 回答数量 1
[2015-08-06 12:03:34] 保存到数据库,此问题的ID为 59832
[2015-08-06 12:03:34] 59832 号问题存在最佳答案 瞠目结舌释义：
瞠:瞪着眼；结舌:说不出话来。瞪着眼睛说不出话来。形容窘困或惊呆的样子。
诚心为你解答，给个好评哦亲，谢谢了
[2015-08-06 12:03:34] 保存最佳答案成功
[2015-08-06 12:03:35] 当前爬取第 2669 的内容,发现一个问题 心添一笔变成了什么
回答数量 1
[2015-08-06 12:03:35] 保存到数据库,此问题的ID为 59833
[2015-08-06 12:03:35] 59833 号问题存在其他答案 可以变成必须的必。
[2015-08-06 12:03:35] 保存其他答案成功
[2015-08-06 12:03:36] 当前爬取第 2669 的内容,发现一个问题 核去掉偏旁木 怎么读 回答数量 0
[2015-08-06 12:03:36] 保存到数据库,此问题的ID为 59834
[2015-08-06 12:03:36] 当前爬取第 2669 的内容,发现一个问题 核去掉偏旁“木”是什么 回答数量 1
[2015-08-06 12:03:36] 保存到数据库,此问题的ID为 59835
[2015-08-06 12:03:36] 59835 号问题存在其他答案 核去掉偏旁“木”是亥字，读hai，第四声，和“害”一个音，辛亥革命，也是这个亥字，诚心为你解答，给个好评哦亲，谢谢了
[2015-08-06 12:03:36] 保存其他答案成功
[2015-08-06 12:03:36] 写入新页码 2669
[2015-08-06 12:03:36] 正在抓取第 2668 个页面
[2015-08-06 12:03:41] 当前爬取第 2668 的内容,发现一个问题 “优美富庶”的意思是什么？？？ 回答数量 1
[2015-08-06 12:03:41] 保存到数据库,此问题的ID为 59836
[2015-08-06 12:03:41] 59836 号问题存在最佳答案 优美富庶不是一个成语而是优美,富庶两个和在一起的词组.
优美就是指美好;美妙的意思,比如说:环境优美
富庶指的是物产丰富,人口众多,举个例子：我国是一个富庶的国家.
联合起来造个句:台湾是个优美富庶的地方...
谢谢请给我一个好评
[2015-08-06 12:03:41] 保存最佳答案成功
[2015-08-06 12:03:41] 当前爬取第 2668 的内容,发现一个问题 请问河驳是什么意思 回答数量 0
[2015-08-06 12:03:41] 保存到数据库,此问题的ID为 59837
[2015-08-06 12:03:42] 当前爬取第 2668 的内容,发现一个问题 什么形容珍稀少见的成语 回答数量 0
[2015-08-06 12:03:42] 保存到数据库,此问题的ID为 59838
[2015-08-06 12:03:44] 当前爬取第 2668 的内容,发现一个问题 均曰：法度惟是之从，无彼此之辩。是什么意思 回答数量 1
[2015-08-06 12:03:44] 保存到数据库,此问题的ID为 59839
[2015-08-06 12:03:44] 59839 号问题存在其他答案 都说：法律相关信息老公的老爸个人生活不检点，强奸了一个女孩......我同学曾经挂科过，
但学校一直没给补考......我父亲在原单位从事电焊工工龄有30年......与新加坡男子结婚后，多长时间内可以取得新......劳动合同未到期辞职签订劳动合同注意事项离婚律师费精神损害赔偿案例侵权责任法
和制度必须得遵从，没有你我讨价还价的说法。希望对你有帮助,祝你顺利，期待你的好评，谢谢鼓励。
[2015-08-06 12:03:44] 保存其他答案成功
[2015-08-06 12:03:45] 当前爬取第 2668 的内容,发现一个问题 左边一个“丰”，右边一个“见”合起来是什么字
回答数量 1
[2015-08-06 12:03:45] 保存到数据库,此问题的ID为 59840
[2015-08-06 12:03:45] 59840 号问题存在其他答案 没有这样子的字吧,
[2015-08-06 12:03:45] 保存其他答案成功
[2015-08-06 12:03:47] 当前爬取第 2668 的内容,发现一个问题 沧 字把三点水 改成 竖心旁叫什么 回答数量 1
[2015-08-06 12:03:47] 保存到数据库,此问题的ID为 59841
[2015-08-06 12:03:47] 59841 号问题存在其他答案 沧字改成竖心旁是，怆C
huàng。
[2015-08-06 12:03:47] 保存其他答案成功
[2015-08-06 12:03:48] 当前爬取第 2668 的内容,发现一个问题 请问一下河驳是什么意思 回答数量 0
[2015-08-06 12:03:48] 保存到数据库,此问题的ID为 59842
[2015-08-06 12:03:50] 当前爬取第 2668 的内容,发现一个问题 对某个人或某件事的别有感情，把自己感情都集中在上面  是什么成语 回答数量 0
[2015-08-06 12:03:50] 保存到数据库,此问题的ID为 59843
[2015-08-06 12:03:51] 当前爬取第 2668 的内容,发现一个问题 众女觊觎之蛾眉兮 谣诼谓余以善的善是什么意思？ 回答数量 0
[2015-08-06 12:03:51] 保存到数据库,此问题的ID为 59844
[2015-08-06 12:03:52] 当前爬取第 2668 的内容,发现一个问题 老陕 担子是什么意思 回答数量 0
[2015-08-06 12:03:52] 保存到数据库,此问题的ID为 59845
[2015-08-06 12:03:53] 当前爬取第 2668 的内容,发现一个问题 内容理解是指什么啊啊？内容理解是指什么啊？？？？ 回答数量 0
[2015-08-06 12:03:53] 保存到数据库,此问题的ID为 59846
[2015-08-06 12:03:54] 当前爬取第 2668 的内容,发现一个问题 治理脏乱差文明靠大家（这里面哪一个字错了） 回答数量 1
[2015-08-06 12:03:54] 保存到数据库,此问题的ID为 59847
[2015-08-06 12:03:54] 59847 号问题存在其他答案 治理脏乱差文明靠大家这句话没有错字。。
[2015-08-06 12:03:54] 保存其他答案成功
[2015-08-06 12:03:54] 当前爬取第 2668 的内容,发现一个问题 形容大理石台面好看的词有什么？ 回答数量 1
[2015-08-06 12:03:54] 保存到数据库,此问题的ID为 59848
[2015-08-06 12:03:54] 59848 号问题存在其他答案 简洁大方，雅致，别出心裁
[2015-08-06 12:03:54] 保存其他答案成功
[2015-08-06 12:03:55] 当前爬取第 2668 的内容,发现一个问题 青青书菀什么意思啊？ 回答数量 0
[2015-08-06 12:03:55] 保存到数据库,此问题的ID为 59849
[2015-08-06 12:03:55] 当前爬取第 2668 的内容,发现一个问题 ‘旷野上走路，千万不能回头’这句话叮咛对作者又怎样的影响 回答数量 0
[2015-08-06 12:03:55] 保存到数据库,此问题的ID为 59850
[2015-08-06 12:03:57] 当前爬取第 2668 的内容,发现一个问题 所刺无几的意思是什么？
回答数量 1
[2015-08-06 12:03:57] 保存到数据库,此问题的ID为 59851
[2015-08-06 12:03:57] 59851 号问题存在其他答案 应该是所剩无几吧
余留下来的。剩下的没有多少了。
[2015-08-06 12:03:57] 保存其他答案成功
[2015-08-06 12:03:57] 当前爬取第 2668 的内容,发现一个问题 所刺无几的意思是什么 回答数量 1
[2015-08-06 12:03:57] 保存到数据库,此问题的ID为 59852
[2015-08-06 12:03:57] 59852 号问题存在最佳答案 所剩无几(suǒshèngwújǐ)
解释：剩：余留下来的。剩下的没有多少了。
出处：清·李汝珍《镜花缘》第九十回：“好在所剩无几，待我念完，诸位才女再去慢慢参详，或者得其梗概，也未可知。”
示例：除垫还他经手若干外，～，一齐打三折归还人家的本钱，以作了事。——清·李宝嘉《官场现形记》第五十三回
用法：作谓语、定语；用于口语
[2015-08-06 12:03:57] 保存最佳答案成功
[2015-08-06 12:03:57] 当前爬取第 2668 的内容,发现一个问题 冬梅恨雪无续情，高洁无责雪漫飞 是什么意思 回答数量 1
[2015-08-06 12:03:57] 保存到数据库,此问题的ID为 59853
[2015-08-06 12:03:58] 当前爬取第 2668 的内容,发现一个问题 耳刀加个阜新的阜念什么 回答数量 0
[2015-08-06 12:03:58] 保存到数据库,此问题的ID为 59854
[2015-08-06 12:03:59] 当前爬取第 2668 的内容,发现一个问题 有人说：“对人诚实，就无法尊重他人隐私。“你认为如何理解 回答数量 1
[2015-08-06 12:03:59] 保存到数据库,此问题的ID为 59855
[2015-08-06 12:03:59] 59855 号问题存在其他答案 “对人诚实，就无法尊重他人隐私。”对这句话的理解是：
当诚实与尊重他人隐私发生冲突时，我们要结合具体情境。坚持原则，权衡利弊，按照实际情况妥善处理
[2015-08-06 12:03:59] 保存其他答案成功
[2015-08-06 12:03:59] 写入新页码 2668
[2015-08-06 12:03:59] 正在抓取第 2667 个页面
[2015-08-06 12:04:07] 当前爬取第 2667 的内容,发现一个问题 细小的水波清澈明亮对应什么词 回答数量 1
[2015-08-06 12:04:07] 保存到数据库,此问题的ID为 59856
[2015-08-06 12:04:07] 59856 号问题存在其他答案 可以用“波光粼粼”来形容。
[2015-08-06 12:04:07] 保存其他答案成功
[2015-08-06 12:04:08] 当前爬取第 2667 的内容,发现一个问题 他一定会考满分怎样改为双重否定句
回答数量 1
[2015-08-06 12:04:08] 保存到数据库,此问题的ID为 59857
[2015-08-06 12:04:08] 59857 号问题存在其他答案 难道他不一定能考满分
[2015-08-06 12:04:08] 保存其他答案成功
[2015-08-06 12:04:08] 当前爬取第 2667 的内容,发现一个问题 这里的情况你是清楚的怎样改为双重否定句
回答数量 0
[2015-08-06 12:04:08] 保存到数据库,此问题的ID为 59858
[2015-08-06 12:04:10] 当前爬取第 2667 的内容,发现一个问题 弯弯曲曲绵延不绝是什么词的意思 回答数量 1
[2015-08-06 12:04:10] 保存到数据库,此问题的ID为 59859
[2015-08-06 12:04:10] 59859 号问题存在其他答案 一般这是形容山脉的
[2015-08-06 12:04:10] 保存其他答案成功
[2015-08-06 12:04:11] 当前爬取第 2667 的内容,发现一个问题 这里的情况你是清楚的怎样改为双重否定句 回答数量 1
[2015-08-06 12:04:11] 保存到数据库,此问题的ID为 59860
[2015-08-06 12:04:11] 59860 号问题存在其他答案 这里的情况你不是不清楚。
[2015-08-06 12:04:11] 保存其他答案成功
[2015-08-06 12:04:12] 当前爬取第 2667 的内容,发现一个问题 车坏了。我们步行去目的地可以用如果就关联词把句子合并成一句话吗 回答数量 1
[2015-08-06 12:04:12] 保存到数据库,此问题的ID为 59861
[2015-08-06 12:04:12] 59861 号问题存在其他答案 如果车坏了，我们就步行去目的地。
[2015-08-06 12:04:12] 保存其他答案成功
[2015-08-06 12:04:13] 当前爬取第 2667 的内容,发现一个问题 我长得胖嘟嘟的，远远望去，就像糯米团子，圆滚滚的。是什么描写 回答数量 0
[2015-08-06 12:04:13] 保存到数据库,此问题的ID为 59862
[2015-08-06 12:04:14] 当前爬取第 2667 的内容,发现一个问题 这里的情况你是清楚的。怎样改为双重否定句 回答数量 1
[2015-08-06 12:04:14] 保存到数据库,此问题的ID为 59863
[2015-08-06 12:04:14] 59863 号问题存在其他答案 这里的情况你不是不清楚
[2015-08-06 12:04:14] 保存其他答案成功
[2015-08-06 12:04:14] 当前爬取第 2667 的内容,发现一个问题 月季和玫瑰十分相似，但它们一定不属于同一个？1.界2.门3.纲4.种 回答数量 0
[2015-08-06 12:04:14] 保存到数据库,此问题的ID为 59864
[2015-08-06 12:04:15] 当前爬取第 2667 的内容,发现一个问题 用什么词句来表达他对天下人的美好祝愿 回答数量 1
[2015-08-06 12:04:15] 保存到数据库,此问题的ID为 59865
[2015-08-06 12:04:15] 59865 号问题存在其他答案 但愿人长久，千里共婵娟。
[2015-08-06 12:04:15] 保存其他答案成功
[2015-08-06 12:04:15] 当前爬取第 2667 的内容,发现一个问题 水滴石穿还可以说成什么 回答数量 0
[2015-08-06 12:04:15] 保存到数据库,此问题的ID为 59866
[2015-08-06 12:04:16] 当前爬取第 2667 的内容,发现一个问题 病句：近期，香港举办的2005年花卉展览，由杭州钱江管理处制作的“六和钟声”，获得“大型园林景点设计特等奖”  怎么修改  回答数量 0
[2015-08-06 12:04:16] 保存到数据库,此问题的ID为 59867
[2015-08-06 12:04:17] 当前爬取第 2667 的内容,发现一个问题 韩魏公知北都中的汝误也，非故也，何罪之有是什么意思 回答数量 1
[2015-08-06 12:04:17] 保存到数据库,此问题的ID为 59868
[2015-08-06 12:04:17] 59868 号问题存在其他答案 你是不小心触翻了桌子，不是故意的，你又有什么罪？
[2015-08-06 12:04:17] 保存其他答案成功
[2015-08-06 12:04:17] 当前爬取第 2667 的内容,发现一个问题 病句：为了有效制止建筑垃圾乱倒，市城管局工程渣土管理出多策并举，  怎么修改 回答数量 0
[2015-08-06 12:04:17] 保存到数据库,此问题的ID为 59869
[2015-08-06 12:04:19] 当前爬取第 2667 的内容,发现一个问题 概念是如何在语义记忆中起作用的 回答数量 0
[2015-08-06 12:04:19] 保存到数据库,此问题的ID为 59870
[2015-08-06 12:04:20] 当前爬取第 2667 的内容,发现一个问题 美无处不在。课文《鸟的天堂》中能体现“自然美”的一个句子是什么？
回答数量 0
[2015-08-06 12:04:20] 保存到数据库,此问题的ID为 59871
[2015-08-06 12:04:22] 当前爬取第 2667 的内容,发现一个问题 能力强，质量好是什么词语的意思？ 回答数量 0
[2015-08-06 12:04:22] 保存到数据库,此问题的ID为 59872
[2015-08-06 12:04:23] 当前爬取第 2667 的内容,发现一个问题 水滴石穿还可以用什么词来说 回答数量 2
[2015-08-06 12:04:23] 保存到数据库,此问题的ID为 59873
[2015-08-06 12:04:23] 59873 号问题存在其他答案 坚持不懈
海枯石烂就是坚持的意思杵磨成针
谢谢请给我一个好评
[2015-08-06 12:04:23] 保存其他答案成功
[2015-08-06 12:04:23] 59873 号问题存在其他答案 相关词语：磨杵成针、绳锯木断、持之以恒、坚持不懈、锲而不舍、专心致志..
[2015-08-06 12:04:23] 保存其他答案成功
[2015-08-06 12:04:24] 当前爬取第 2667 的内容,发现一个问题 四字词语查询   什么辍什么句 回答数量 0
[2015-08-06 12:04:24] 保存到数据库,此问题的ID为 59874
[2015-08-06 12:04:26] 当前爬取第 2667 的内容,发现一个问题 五彩缤纷中缤纷读作什么 回答数量 0
[2015-08-06 12:04:26] 保存到数据库,此问题的ID为 59875
[2015-08-06 12:04:26] 写入新页码 2667
[2015-08-06 12:04:26] 正在抓取第 2666 个页面
[2015-08-06 12:04:29] 当前爬取第 2666 的内容,发现一个问题 好苏是什么意思，评价别人文章时说的 回答数量 0
[2015-08-06 12:04:29] 保存到数据库,此问题的ID为 59876
[2015-08-06 12:04:29] 当前爬取第 2666 的内容,发现一个问题 永不贬值是什么意思，快快快 回答数量 0
[2015-08-06 12:04:29] 保存到数据库,此问题的ID为 59877
[2015-08-06 12:04:31] 当前爬取第 2666 的内容,发现一个问题 文言文翻译成【懂得】是哪个子 回答数量 1
[2015-08-06 12:04:31] 保存到数据库,此问题的ID为 59878
[2015-08-06 12:04:31] 59878 号问题存在其他答案 晓，比如说通晓~
[2015-08-06 12:04:31] 保存其他答案成功
[2015-08-06 12:04:32] 当前爬取第 2666 的内容,发现一个问题 右形右声是啥词?



















右形右声是啥词？ 回答数量 0
[2015-08-06 12:04:32] 保存到数据库,此问题的ID为 59879
[2015-08-06 12:04:34] 当前爬取第 2666 的内容,发现一个问题 子期死 伯牙谓世再无知音  乃破琴绝铉 终身不复鼓中绝是什么意思 回答数量 1
[2015-08-06 12:04:34] 保存到数据库,此问题的ID为 59880
[2015-08-06 12:04:34] 59880 号问题存在其他答案 这里的绝，是断绝的意思。就是把琴
弦弄断。
[2015-08-06 12:04:34] 保存其他答案成功
[2015-08-06 12:04:36] 当前爬取第 2666 的内容,发现一个问题 表示努力的俗语有哪些 回答数量 1
[2015-08-06 12:04:36] 保存到数据库,此问题的ID为 59881
[2015-08-06 12:04:36] 59881 号问题存在其他答案 不磨不炼,不成好汉。
天下无难事,只怕有心人。
水往下流，人争上游
[2015-08-06 12:04:36] 保存其他答案成功
[2015-08-06 12:04:38] 当前爬取第 2666 的内容,发现一个问题 那音乐的泉水不知在哪儿就幽咽断流了中泉水是什么意思 回答数量 0
[2015-08-06 12:04:38] 保存到数据库,此问题的ID为 59882
[2015-08-06 12:04:41] 当前爬取第 2666 的内容,发现一个问题 童年祸水什么意思         回答数量 1
[2015-08-06 12:04:41] 保存到数据库,此问题的ID为 59883
[2015-08-06 12:04:41] 59883 号问题存在其他答案 应该是红颜祸水吧。
就是说因为长得好看，而招来好多灾祸。
麻烦好评，谢谢
[2015-08-06 12:04:41] 保存其他答案成功
[2015-08-06 12:04:41] 当前爬取第 2666 的内容,发现一个问题 贞曜先生墓志铭中的以昌其诗什么意思 回答数量 0
[2015-08-06 12:04:41] 保存到数据库,此问题的ID为 59884
[2015-08-06 12:04:42] 当前爬取第 2666 的内容,发现一个问题 劳心骚兮,劳心惨兮是什么意思 回答数量 0
[2015-08-06 12:04:42] 保存到数据库,此问题的ID为 59885
[2015-08-06 12:04:44] 当前爬取第 2666 的内容,发现一个问题 竭泽而鱼是不是褒义词？ 回答数量 2
[2015-08-06 12:04:44] 保存到数据库,此问题的ID为 59886
[2015-08-06 12:04:44] 59886 号问题存在其他答案 ，因为它的意思是河只要排干了就很容易捉到鱼
了中形成谢谢请给我一个好评
[2015-08-06 12:04:44] 保存其他答案成功
[2015-08-06 12:04:44] 59886 号问题存在其他答案 不是。把湖水排干来捕鱼。比喻做事不留余地，只顾眼前利益，不顾长远打算。是贬义词。
[2015-08-06 12:04:44] 保存其他答案成功
[2015-08-06 12:04:45] 当前爬取第 2666 的内容,发现一个问题 浮现在我的脑海中。是状语后置吗 回答数量 0
[2015-08-06 12:04:45] 保存到数据库,此问题的ID为 59887
[2015-08-06 12:04:47] 当前爬取第 2666 的内容,发现一个问题 欣然（   ）填成语 回答数量 2
[2015-08-06 12:04:47] 保存到数据库,此问题的ID为 59888
[2015-08-06 12:04:47] 59888 号问题存在其他答案 可以填欣然自得
[2015-08-06 12:04:47] 保存其他答案成功
[2015-08-06 12:04:47] 59888 号问题存在其他答案 欣然自得成语:欣然自得拼音:xīnránzìdé解释:心情
舒适、自觉得意的样子。
[2015-08-06 12:04:47] 保存其他答案成功
[2015-08-06 12:04:47] 当前爬取第 2666 的内容,发现一个问题 一次次洗心革面地学习怎么改语病 回答数量 1
[2015-08-06 12:04:47] 保存到数据库,此问题的ID为 59889
[2015-08-06 12:04:47] 59889 号问题存在其他答案 最明显的语病就是没有主语（如果对你有帮助，请点击＂好评＂，谢谢！）
[2015-08-06 12:04:47] 保存其他答案成功
[2015-08-06 12:04:48] 当前爬取第 2666 的内容,发现一个问题 皇帝的新装把 皇帝所以的衣服从来没有获得过这样的称赞 这句话删去好吗？为什么 回答数量 0
[2015-08-06 12:04:48] 保存到数据库,此问题的ID为 59890
[2015-08-06 12:04:48] 当前爬取第 2666 的内容,发现一个问题  FEI PIN 是什么字 回答数量 1
[2015-08-06 12:04:48] 保存到数据库,此问题的ID为 59891
[2015-08-06 12:04:48] 59891 号问题存在其他答案 废品，妃嫔。
[2015-08-06 12:04:48] 保存其他答案成功
[2015-08-06 12:04:49] 当前爬取第 2666 的内容,发现一个问题 皇甫谧年二十始勤学中躬身的躬什么意思 回答数量 0
[2015-08-06 12:04:49] 保存到数据库,此问题的ID为 59892
[2015-08-06 12:04:49] 当前爬取第 2666 的内容,发现一个问题 桂林山水的水带表什么 回答数量 0
[2015-08-06 12:04:49] 保存到数据库,此问题的ID为 59893
[2015-08-06 12:04:50] 当前爬取第 2666 的内容,发现一个问题 白日莫空过的上联是什么？ 回答数量 1
[2015-08-06 12:04:50] 保存到数据库,此问题的ID为 59894
[2015-08-06 12:04:50] 59894 号问题存在其他答案 青春不再来
[2015-08-06 12:04:50] 保存其他答案成功
[2015-08-06 12:04:52] 当前爬取第 2666 的内容,发现一个问题 二石兽并沉焉的焉是什么意思 回答数量 0
[2015-08-06 12:04:52] 保存到数据库,此问题的ID为 59895
[2015-08-06 12:04:52] 写入新页码 2666
[2015-08-06 12:04:52] 正在抓取第 2665 个页面
[2015-08-06 12:04:53] 当前爬取第 2665 的内容,发现一个问题 一个方块 四面是綱字什么成语 回答数量 0
[2015-08-06 12:04:53] 保存到数据库,此问题的ID为 59896
[2015-08-06 12:04:54] 当前爬取第 2665 的内容,发现一个问题 竞价结束后，所有出价中，"最低且唯一"的出价者将获得竞拍物品。 求解释这是什么意思 回答数量 0
[2015-08-06 12:04:54] 插入数据失败，原因 1064: You have an error in your SQL syntax; check the manual that corresponds to your MySQL server version for the right syntax to use near '最低且唯一"的出价者将获得竞拍物品。 求解释这是什么意思' at line 1
[2015-08-06 12:04:54] 保存到数据库,此问题的ID为 None
[2015-08-06 12:04:55] 当前爬取第 2665 的内容,发现一个问题 天时不如地利 地利不如人和   小大之狱 虽不能查 必以情 有什么相同之处 回答数量 0
[2015-08-06 12:04:55] 保存到数据库,此问题的ID为 59897
[2015-08-06 12:04:56] 当前爬取第 2665 的内容,发现一个问题 形容词的意动用法怎么填--------词活用作------------------ 回答数量 1
[2015-08-06 12:04:56] 保存到数据库,此问题的ID为 59898
[2015-08-06 12:04:56] 59898 号问题存在其他答案 宾客
就是在这里形容词作动词用
形容词的意动用法是“形容词作动词用”的一种
形容词用作动词分为“使动”和“意动”两种情况。
这里宾客解释为：以宾客之礼相待
[2015-08-06 12:04:56] 保存其他答案成功
[2015-08-06 12:04:57] 当前爬取第 2665 的内容,发现一个问题 矛和盾的集合，你懂得了什么？ 回答数量 0
[2015-08-06 12:04:57] 保存到数据库,此问题的ID为 59899
[2015-08-06 12:04:58] 当前爬取第 2665 的内容,发现一个问题 天才之路中的最后一句话的意思是什么 回答数量 0
[2015-08-06 12:04:58] 保存到数据库,此问题的ID为 59900
[2015-08-06 12:04:58] 当前爬取第 2665 的内容,发现一个问题 塞翁失马 此何遽不为福乎运用了什么修辞 有何作用 回答数量 0
[2015-08-06 12:04:58] 保存到数据库,此问题的ID为 59901
[2015-08-06 12:04:59] 当前爬取第 2665 的内容,发现一个问题 叩劶什么意思              -  - 回答数量 0
[2015-08-06 12:04:59] 保存到数据库,此问题的ID为 59902
[2015-08-06 12:05:01] 当前爬取第 2665 的内容,发现一个问题 三省吾生中三省的内容是什么 回答数量 1
[2015-08-06 12:05:01] 保存到数据库,此问题的ID为 59903
[2015-08-06 12:05:01] 59903 号问题存在最佳答案 原文是曾子曰：“吾日三省吾身——为人谋而不忠乎？与朋友交而不信乎？传不习乎？”：“我每天多次反省自己的言行，替人家谋划的事不尽心尽力吗？和朋友交往不诚心诚意吗？老师传授的知识不温习吗？”
[2015-08-06 12:05:01] 保存最佳答案成功
[2015-08-06 12:05:01] 当前爬取第 2665 的内容,发现一个问题 “不，深，知，浅，能，怎，过”怎样才能排出两句不同意思的话（两句） 回答数量 1
[2015-08-06 12:05:01] 保存到数据库,此问题的ID为 59904
[2015-08-06 12:05:01] 当前爬取第 2665 的内容,发现一个问题 读书最乐，鬻书亦乐 鬻书什么意思 回答数量 1
[2015-08-06 12:05:01] 保存到数据库,此问题的ID为 59905
[2015-08-06 12:05:02] 当前爬取第 2665 的内容,发现一个问题 跳跃着奔跑而不停止是哪个成语的意思 回答数量 0
[2015-08-06 12:05:02] 保存到数据库,此问题的ID为 59906
[2015-08-06 12:05:04] 当前爬取第 2665 的内容,发现一个问题 读书最乐，鬻书亦乐  鬻书什么意思 回答数量 0
[2015-08-06 12:05:04] 保存到数据库,此问题的ID为 59907
[2015-08-06 12:05:06] 当前爬取第 2665 的内容,发现一个问题 秋分裹着一股股凉意，吹遍了整个大地 裹有什么用 回答数量 0
[2015-08-06 12:05:06] 保存到数据库,此问题的ID为 59908
[2015-08-06 12:05:07] 当前爬取第 2665 的内容,发现一个问题 喜欢了而最后又后悔了的成语是什么？ 回答数量 1
[2015-08-06 12:05:07] 保存到数据库,此问题的ID为 59909
[2015-08-06 12:05:07] 59909 号问题存在其他答案 后悔莫及、、、、、
[2015-08-06 12:05:07] 保存其他答案成功
[2015-08-06 12:05:08] 当前爬取第 2665 的内容,发现一个问题 《诗中的秋》吟哦什么意思 回答数量 0
[2015-08-06 12:05:08] 保存到数据库,此问题的ID为 59910
[2015-08-06 12:05:09] 当前爬取第 2665 的内容,发现一个问题 忧郁深沉无所谓什么意思 回答数量 1
[2015-08-06 12:05:09] 保存到数据库,此问题的ID为 59911
[2015-08-06 12:05:09] 59911 号问题存在其他答案 其实这是网络
的语总结中的一句，全文是“装模作样绿茶婊,外猛内柔女汉子,卖萌嘟嘴剪刀手,忧郁深沉无所谓,狂拽帅气吊炸天,冷艳高贵接地气,时尚亮丽小清新,可爱乡村非主流,贵族王朝杀马特。...”
[2015-08-06 12:05:09] 保存其他答案成功
[2015-08-06 12:05:10] 当前爬取第 2665 的内容,发现一个问题 南边鸦鸣北边鹊噪 什么意思 回答数量 0
[2015-08-06 12:05:10] 保存到数据库,此问题的ID为 59912
[2015-08-06 12:05:11] 当前爬取第 2665 的内容,发现一个问题 颜和韵是整体认读音节吗 回答数量 0
[2015-08-06 12:05:11] 保存到数据库,此问题的ID为 59913
[2015-08-06 12:05:12] 当前爬取第 2665 的内容,发现一个问题 恚旯 前面两个字是什么字 回答数量 0
[2015-08-06 12:05:12] 保存到数据库,此问题的ID为 59914
[2015-08-06 12:05:12] 写入新页码 2665
[2015-08-06 12:05:12] 正在抓取第 2664 个页面
[2015-08-06 12:05:15] 当前爬取第 2664 的内容,发现一个问题 不？自？    一？不？ 回答数量 1
[2015-08-06 12:05:15] 保存到数据库,此问题的ID为 59915
[2015-08-06 12:05:15] 59915 号问题存在其他答案 什么东东啊？
[2015-08-06 12:05:15] 保存其他答案成功
[2015-08-06 12:05:16] 当前爬取第 2664 的内容,发现一个问题 知觉学习、语言学习和动作技能有什么异同 回答数量 0
[2015-08-06 12:05:16] 保存到数据库,此问题的ID为 59916
[2015-08-06 12:05:18] 当前爬取第 2664 的内容,发现一个问题 山东威海看眼是什么意思 回答数量 0
[2015-08-06 12:05:18] 保存到数据库,此问题的ID为 59917
[2015-08-06 12:05:19] 当前爬取第 2664 的内容,发现一个问题 █━━琪字怎么打出来 回答数量 0
[2015-08-06 12:05:19] 保存到数据库,此问题的ID为 59918
[2015-08-06 12:05:20] 当前爬取第 2664 的内容,发现一个问题 应对敏给，帝善之   怎么翻译 回答数量 0
[2015-08-06 12:05:20] 保存到数据库,此问题的ID为 59919
[2015-08-06 12:05:21] 当前爬取第 2664 的内容,发现一个问题 大雪下的正紧，里面的紧是什么意思 回答数量 1
[2015-08-06 12:05:21] 保存到数据库,此问题的ID为 59920
[2015-08-06 12:05:21] 59920 号问题存在其他答案 紧：形容雪下的大
[2015-08-06 12:05:21] 保存其他答案成功
[2015-08-06 12:05:22] 当前爬取第 2664 的内容,发现一个问题 和顺合一这个词语是什么意思 回答数量 0
[2015-08-06 12:05:22] 保存到数据库,此问题的ID为 59921
[2015-08-06 12:05:23] 当前爬取第 2664 的内容,发现一个问题 什么成语的意思是迂回弯曲地 回答数量 0
[2015-08-06 12:05:23] 保存到数据库,此问题的ID为 59922
[2015-08-06 12:05:24] 当前爬取第 2664 的内容,发现一个问题 什么给我留下了什么       造句 回答数量 1
[2015-08-06 12:05:24] 保存到数据库,此问题的ID为 59923
[2015-08-06 12:05:24] 59923 号问题存在其他答案 这部电影
给我留下深刻印象
[2015-08-06 12:05:24] 保存其他答案成功
[2015-08-06 12:05:25] 当前爬取第 2664 的内容,发现一个问题 孰与昧行乎的昧行是什么意思 回答数量 0
[2015-08-06 12:05:25] 保存到数据库,此问题的ID为 59924
[2015-08-06 12:05:27] 当前爬取第 2664 的内容,发现一个问题 难忘是不是表示情感的词？ 回答数量 0
[2015-08-06 12:05:27] 保存到数据库,此问题的ID为 59925
[2015-08-06 12:05:28] 当前爬取第 2664 的内容,发现一个问题 豪情壮志、奋发图强是什么意思 回答数量 0
[2015-08-06 12:05:28] 保存到数据库,此问题的ID为 59926
[2015-08-06 12:05:29] 当前爬取第 2664 的内容,发现一个问题 盲臣安敢戏其君乎的安是什么意思 回答数量 1
[2015-08-06 12:05:29] 保存到数据库,此问题的ID为 59927
[2015-08-06 12:05:29] 59927 号问题存在其他答案 盲臣安敢戏君乎的意思是：“臣子哪敢戏弄君主？”盲臣：（1）本身眼睛
不好（2）属于自谦安：哪。敢：在这里的解释与现代意思差不多，敢。戏：戏弄，开玩笑。君：君主，皇上。乎：呢，语气词。
[2015-08-06 12:05:29] 保存其他答案成功
[2015-08-06 12:05:29] 当前爬取第 2664 的内容,发现一个问题 海边荒石                死亡的字眼           死亡   什么意思 回答数量 0
[2015-08-06 12:05:29] 保存到数据库,此问题的ID为 59928
[2015-08-06 12:05:30] 当前爬取第 2664 的内容,发现一个问题 请问
请问从字的来源是什么？ 回答数量 0
[2015-08-06 12:05:30] 保存到数据库,此问题的ID为 59929
[2015-08-06 12:05:30] 当前爬取第 2664 的内容,发现一个问题 欢可以组哪些两字词语 回答数量 1
[2015-08-06 12:05:30] 保存到数据库,此问题的ID为 59930
[2015-08-06 12:05:30] 59930 号问题存在最佳答案 联欢喜欢欢唱欢闹欢腾欢笑欢乐欢快欢闹欢笑欢聚欢迎欢快欢悦欢欣欢庆欢呼欢畅欢聚
[2015-08-06 12:05:30] 保存最佳答案成功
[2015-08-06 12:05:30] 当前爬取第 2664 的内容,发现一个问题 回首东望的首是什么意思？ 回答数量 0
[2015-08-06 12:05:30] 保存到数据库,此问题的ID为 59931
[2015-08-06 12:05:31] 当前爬取第 2664 的内容,发现一个问题 比喻不估计自己的力量去做办不倒的事，必然招致失败，是什么成语 回答数量 1
[2015-08-06 12:05:31] 保存到数据库,此问题的ID为 59932
[2015-08-06 12:05:31] 59932 号问题存在其他答案 螳臂当车【汉语拼音
】tángbìdāngchē
[2015-08-06 12:05:31] 保存其他答案成功
[2015-08-06 12:05:32] 当前爬取第 2664 的内容,发现一个问题 回首东望的首是什么意思 回答数量 2
[2015-08-06 12:05:32] 保存到数据库,此问题的ID为 59933
[2015-08-06 12:05:32] 59933 号问题存在其他答案 首就是头的意思。回首遥望就是回头看的意思。
[2015-08-06 12:05:32] 保存其他答案成功
[2015-08-06 12:05:32] 59933 号问题存在其他答案 回首东望的首是，头的意思。
[2015-08-06 12:05:32] 保存其他答案成功
[2015-08-06 12:05:34] 当前爬取第 2664 的内容,发现一个问题 有妈妈的地方，一定有阳光。怎么理解 回答数量 1
[2015-08-06 12:05:34] 保存到数据库,此问题的ID为 59934
[2015-08-06 12:05:34] 59934 号问题存在其他答案 有妈妈
的地方，一定会有母爱.母爱就像太阳，如果生命缺少了太阳，那么生命便会失去光泽变得暗淡，直至枯萎。如果我们缺少母爱，那么我们的生命也将变的更加灰暗，自卑。谢谢请给我一个好评
[2015-08-06 12:05:34] 保存其他答案成功
[2015-08-06 12:05:34] 写入新页码 2664
[2015-08-06 12:05:34] 正在抓取第 2663 个页面
[2015-08-06 12:05:37] 当前爬取第 2663 的内容,发现一个问题 语言交际用语：为什么说语言交际在一定程度上是文化的交际？请举例说明 回答数量 0
[2015-08-06 12:05:37] 保存到数据库,此问题的ID为 59935
[2015-08-06 12:05:39] 当前爬取第 2663 的内容,发现一个问题 判断题及答案有了大棚我们你能在冬天吃到西瓜对吗 回答数量 0
[2015-08-06 12:05:39] 保存到数据库,此问题的ID为 59936
[2015-08-06 12:05:41] 当前爬取第 2663 的内容,发现一个问题 出神入画哪个字错了？ 回答数量 1
[2015-08-06 12:05:41] 保存到数据库,此问题的ID为 59937
[2015-08-06 12:05:41] 59937 号问题存在其他答案 çŹŹĺä¸Şçť
ďźĺşčŻĽćŻĺďźć­ŁçĄŽçćŻĺşçĽĺĽĺă
[2015-08-06 12:05:41] 保存其他答案成功
[2015-08-06 12:05:42] 当前爬取第 2663 的内容,发现一个问题 春赋悬胜镜是什么意思 回答数量 0
[2015-08-06 12:05:42] 保存到数据库,此问题的ID为 59938
[2015-08-06 12:05:45] 当前爬取第 2663 的内容,发现一个问题 报纸的诱惑力如此之大，怎可一日不读它呢？修辞方法 回答数量 1
[2015-08-06 12:05:45] 保存到数据库,此问题的ID为 59939
[2015-08-06 12:05:45] 59939 号问题存在其他答案 反问的修辞手法
[2015-08-06 12:05:45] 保存其他答案成功
[2015-08-06 12:05:46] 当前爬取第 2663 的内容,发现一个问题 偏远的近义词是什么？ 回答数量 1
[2015-08-06 12:05:46] 保存到数据库,此问题的ID为 59940
[2015-08-06 12:05:46] 59940 号问题存在其他答案 偏僻
谢谢请给我一个好评
[2015-08-06 12:05:46] 保存其他答案成功
[2015-08-06 12:05:47] 当前爬取第 2663 的内容,发现一个问题 草字头加一个陷的右部念啥 回答数量 0
[2015-08-06 12:05:47] 保存到数据库,此问题的ID为 59941
[2015-08-06 12:05:48] 当前爬取第 2663 的内容,发现一个问题 摇卦虎落陷坑什么意思 回答数量 1
[2015-08-06 12:05:48] 保存到数据库,此问题的ID为 59942
[2015-08-06 12:05:48] 59942 号问题存在其他答案 天地否卦是什么意思2012-5-2619:04提问者:周496331057虎落陷坑不堪...白话文解释否卦:为小人所隔阂,这是不利于君子的卜占,事业也将由盛转衰。《...如果我的回答对你有帮助请点击好评谢谢
[2015-08-06 12:05:48] 保存其他答案成功
[2015-08-06 12:05:48] 当前爬取第 2663 的内容,发现一个问题 遥望洞庭山水色 白银盘里一青螺 描绘了什么? 回答数量 0
[2015-08-06 12:05:48] 保存到数据库,此问题的ID为 59943
[2015-08-06 12:05:49] 当前爬取第 2663 的内容,发现一个问题 混沌不分、 昏天黑地、大刀阔斧是表示什么的成语 回答数量 0
[2015-08-06 12:05:49] 保存到数据库,此问题的ID为 59944
[2015-08-06 12:05:50] 当前爬取第 2663 的内容,发现一个问题 优美富庶的意思是什么 回答数量 1
[2015-08-06 12:05:50] 保存到数据库,此问题的ID为 59945
[2015-08-06 12:05:50] 59945 号问题存在其他答案 优美富庶不是一个成语而是优美,富庶两个和在一起的词组.优美就是指美好;美妙的意思,比如说:环境优美富庶指的是物产丰富,人口众多,举个例子：我国是一个富庶的国家
.联合起来造个句:台湾是个优美富庶的地方...谢谢请给我一个好评
[2015-08-06 12:05:50] 保存其他答案成功
[2015-08-06 12:05:50] 当前爬取第 2663 的内容,发现一个问题 上星期在文言文中怎么说 回答数量 1
[2015-08-06 12:05:50] 保存到数据库,此问题的ID为 59946
[2015-08-06 12:05:50] 59946 号问题存在其他答案 多日以前~~~~~~~
[2015-08-06 12:05:50] 保存其他答案成功
[2015-08-06 12:05:52] 当前爬取第 2663 的内容,发现一个问题 沃森生物是什么意思？ 回答数量 0
[2015-08-06 12:05:52] 保存到数据库,此问题的ID为 59947
[2015-08-06 12:05:54] 当前爬取第 2663 的内容,发现一个问题 擇其善者而從这尸，其人善者而改之 什麽意思？ 回答数量 1
[2015-08-06 12:05:54] 保存到数据库,此问题的ID为 59948
[2015-08-06 12:05:54] 59948 号问题存在最佳答案 这句话，表现出孔子自觉修养，虚心好学的精神。它包含了两个方面：一方面，择其善者而从之，见人之善就学，是虚心好学的精神；另一方面，其不善者而改之，见人之不善就引以为戒，反省自己，是自觉修养的三人行，必有我师精神。这样，无论同行相处的人善于不善，都可以为师。《论语》中有一段记载，一次卫国公孙朝问子贡，孔子的学问是从哪里学的？子贡回答说，古代圣人讲的道，就留在人们中间，贤人认识了它的大处，不贤的人认识它的小处；他们身上都有古代圣人之道。“夫子焉不学，而亦何常师之有？“（《论语·子张》）他随时随地向一切人学习，谁都可以是他的老师，所以说“何常师之有“，没有固定的老师。《论语》中不少记载，如孔子入太庙，“每事问“（《论语·八佾》）；宰予白天睡觉，孔子说：“始我于人也，听其言而信其行；今我于人也，听其言而观其行。于予与改是。“（《论语·公冶长》）子贡对孔子说，子贡自己只能“闻一而知二”，颜回却可以“闻一而知十”。孔子说：“弗如也。吾与汝弗如也。“（《论语·公冶长》）都体现了这种精神。这样的精神和态度，是很值得我们学习的。　　“三人行，必有我师“，“择其善者而从之，其不善者而改之“的态度和
[2015-08-06 12:05:54] 保存最佳答案成功
[2015-08-06 12:05:55] 当前爬取第 2663 的内容,发现一个问题 0首付、0月供、0担保是什么意思 回答数量 0
[2015-08-06 12:05:55] 保存到数据库,此问题的ID为 59949
[2015-08-06 12:05:56] 当前爬取第 2663 的内容,发现一个问题 什么是渡三春出入成双 回答数量 1
[2015-08-06 12:05:56] 保存到数据库,此问题的ID为 59950
[2015-08-06 12:05:56] 59950 号问题存在其他答案 福彩3d
第356期山东真诀——丹东一句定三码（1）相隔十七（2）落号一个（3）四十不惑从头来和值：奇金码：9绝杀：8丹东一句定三码：渡三春--出入成双【预测奖号047】
[2015-08-06 12:05:56] 保存其他答案成功
[2015-08-06 12:05:58] 当前爬取第 2663 的内容,发现一个问题 我兵若进的若字是什么意思 回答数量 1
[2015-08-06 12:05:58] 保存到数据库,此问题的ID为 59951
[2015-08-06 12:05:58] 59951 号问题存在其他答案 如果的意思
[2015-08-06 12:05:58] 保存其他答案成功
[2015-08-06 12:05:59] 当前爬取第 2663 的内容,发现一个问题 避免(   )在括号中填合适的词语 回答数量 1
[2015-08-06 12:05:59] 保存到数据库,此问题的ID为 59952
[2015-08-06 12:05:59] 59952 号问题存在其他答案 你好，可以填意外。
[2015-08-06 12:05:59] 保存其他答案成功
[2015-08-06 12:05:59] 当前爬取第 2663 的内容,发现一个问题 怎样用春天美丽万紫千红的是的排成一句通顺的话 回答数量 0
[2015-08-06 12:05:59] 保存到数据库,此问题的ID为 59953
[2015-08-06 12:06:01] 当前爬取第 2663 的内容,发现一个问题 请问晴字来源是什么？ 回答数量 1
[2015-08-06 12:06:01] 保存到数据库,此问题的ID为 59954
[2015-08-06 12:06:01] 59954 号问题存在其他答案 形声。从日,青声。青古指蓝色,也有表意作用。《说文》作“夝”。意思是夜间(夕)雨止,出现星星。本义:雨止无云,天气晴朗)同本义康熙字典的解释是：《唐韵》疾盈切《集韵》《韵会》慈盈切，𠀤音情。夝或作晴暒。《玉篇》雨止也，晴明也，无云也。《史记
·天官书》天晴而见景星。　又《韵补》叶慈良切。《张籍·祭韩愈诗》公因同归还，居处各一方。中秋十六夜，魄圆天差晴。　又《说文》夝，雨而夜除星见也。《注》今俗作晴，非。如有用请好评谢谢
[2015-08-06 12:06:01] 保存其他答案成功
[2015-08-06 12:06:01] 写入新页码 2663
[2015-08-06 12:06:01] 正在抓取第 2662 个页面
[2015-08-06 12:06:03] 当前爬取第 2662 的内容,发现一个问题 我班同学张进出席了 世纪金榜杯 全国校园文化感恩书信大赛怎么改病句 回答数量 1
[2015-08-06 12:06:03] 保存到数据库,此问题的ID为 59955
[2015-08-06 12:06:03] 59955 号问题存在其他答案 把出席了改成参加了
[2015-08-06 12:06:03] 保存其他答案成功
[2015-08-06 12:06:04] 当前爬取第 2662 的内容,发现一个问题 黑媚红殇最后一个字念什么 回答数量 1
[2015-08-06 12:06:04] 保存到数据库,此问题的ID为 59956
[2015-08-06 12:06:04] 59956 号问题存在其他答案 最后一个字Shang
[2015-08-06 12:06:04] 保存其他答案成功
[2015-08-06 12:06:05] 当前爬取第 2662 的内容,发现一个问题 弹（读“答”）组什么词？ 回答数量 1
[2015-08-06 12:06:05] 保存到数据库,此问题的ID为 59957
[2015-08-06 12:06:05] 59957 号问题存在其他答案 读法与意思一楼已经回答了（百科
有滴）。。词组还真不知道。。只是有些书籍上有提到一些。。。《西游记》中有提到：编草帓通“袜”。如果我的回答对你有帮助请点击好评谢谢
[2015-08-06 12:06:05] 保存其他答案成功
[2015-08-06 12:06:06] 当前爬取第 2662 的内容,发现一个问题 弹（读“答”这个音）组什么词？ 回答数量 0
[2015-08-06 12:06:06] 保存到数据库,此问题的ID为 59958
[2015-08-06 12:06:06] 当前爬取第 2662 的内容,发现一个问题 鲜和嫩可以组成什么成语？？
回答数量 0
[2015-08-06 12:06:06] 保存到数据库,此问题的ID为 59959
[2015-08-06 12:06:06] 当前爬取第 2662 的内容,发现一个问题 鲜（  ）嫩（  ）这是是什么成语？？
回答数量 0
[2015-08-06 12:06:06] 保存到数据库,此问题的ID为 59960
[2015-08-06 12:06:07] 当前爬取第 2662 的内容,发现一个问题 鲜【 】嫩【 】？？这个成语是? 回答数量 0
[2015-08-06 12:06:07] 保存到数据库,此问题的ID为 59961
[2015-08-06 12:06:08] 当前爬取第 2662 的内容,发现一个问题 买椟还珠中“熏以桂椒，缀以珠玉，饰以玫瑰，辑以羽翠”用了什么修辞手法 回答数量 1
[2015-08-06 12:06:08] 保存到数据库,此问题的ID为 59962
[2015-08-06 12:06:08] 59962 号问题存在其他答案 用了排比的修辞
[2015-08-06 12:06:08] 保存其他答案成功
[2015-08-06 12:06:09] 当前爬取第 2662 的内容,发现一个问题 轻视   蔑视   鄙视  藐视  凝视哪个是不同类的 回答数量 1
[2015-08-06 12:06:09] 保存到数据库,此问题的ID为 59963
[2015-08-06 12:06:09] 59963 号问题存在其他答案 前四个词都有小看的意思，唯第五个词没有这个意思，所以“凝视”是不同类的。
[2015-08-06 12:06:09] 保存其他答案成功
[2015-08-06 12:06:09] 当前爬取第 2662 的内容,发现一个问题     带仔的成语有哪些 回答数量 1
[2015-08-06 12:06:09] 保存到数据库,此问题的ID为 59964
[2015-08-06 12:06:10] 当前爬取第 2662 的内容,发现一个问题 须臾却入海门去  卷起沙堆似雪堆 使用了什么修辞手法 回答数量 0
[2015-08-06 12:06:10] 保存到数据库,此问题的ID为 59965
[2015-08-06 12:06:10] 当前爬取第 2662 的内容,发现一个问题 罡和正是一个字吗。。 回答数量 0
[2015-08-06 12:06:10] 保存到数据库,此问题的ID为 59966
[2015-08-06 12:06:11] 当前爬取第 2662 的内容,发现一个问题 假古兰丹姆是什么意思 回答数量 0
[2015-08-06 12:06:11] 保存到数据库,此问题的ID为 59967
[2015-08-06 12:06:12] 当前爬取第 2662 的内容,发现一个问题 梅雨潭像一个瀑布潭是比喻句吗？ 回答数量 1
[2015-08-06 12:06:12] 保存到数据库,此问题的ID为 59968
[2015-08-06 12:06:12] 59968 号问题存在其他答案 是的，梅雨潭比喻成瀑布，希望对你有帮助,祝你顺利，期待你的好评，谢谢鼓励。
[2015-08-06 12:06:12] 保存其他答案成功
[2015-08-06 12:06:13] 当前爬取第 2662 的内容,发现一个问题 湖水平静得像一面镜子用什么比作什么 回答数量 1
[2015-08-06 12:06:13] 保存到数据库,此问题的ID为 59969
[2015-08-06 12:06:13] 59969 号问题存在其他答案 用镜子比喻湖面，把湖面比作镜子，湖面是本体，镜子是喻体
[2015-08-06 12:06:13] 保存其他答案成功
[2015-08-06 12:06:13] 当前爬取第 2662 的内容,发现一个问题 板哥妹什么意思!!!!!!? 回答数量 0
[2015-08-06 12:06:13] 保存到数据库,此问题的ID为 59970
[2015-08-06 12:06:14] 当前爬取第 2662 的内容,发现一个问题 一个埋头脑力劳动的人，如果不经常活动四肢，那是一件极其痛苦的事情是什么意思 回答数量 1
[2015-08-06 12:06:14] 保存到数据库,此问题的ID为 59971
[2015-08-06 12:06:14] 59971 号问题存在其他答案 不经常活动四肢是会引起很多亚健康
的，比如颈椎病，腰间盘托出，眼睛毛病等。
[2015-08-06 12:06:14] 保存其他答案成功
[2015-08-06 12:06:15] 当前爬取第 2662 的内容,发现一个问题 肖字用部首查字法先查什么再查什么 回答数量 0
[2015-08-06 12:06:15] 保存到数据库,此问题的ID为 59972
[2015-08-06 12:06:16] 当前爬取第 2662 的内容,发现一个问题 请问好意难却是什么短语 回答数量 1
[2015-08-06 12:06:16] 保存到数据库,此问题的ID为 59973
[2015-08-06 12:06:16] 59973 号问题存在最佳答案 hǎoyìnánquè
2释义编辑本段
　　好的心意难以推却，指不便推辞别人的关心和帮助却：推却
3造句编辑本段
　　虽然觉得客店兼办囚人的饭食和我不相干，然而好意难却，也只得别寻相宜的住处了。（出自鲁迅〈藤野先生〉）
谢谢请给我一个好评
[2015-08-06 12:06:16] 保存最佳答案成功
[2015-08-06 12:06:16] 当前爬取第 2662 的内容,发现一个问题 图书馆是文化沉淀的载体，知识的殿堂和信息的集散地。错在哪里 回答数量 0
[2015-08-06 12:06:16] 保存到数据库,此问题的ID为 59974
[2015-08-06 12:06:16] 写入新页码 2662
[2015-08-06 12:06:16] 正在抓取第 2661 个页面
[2015-08-06 12:06:19] 当前爬取第 2661 的内容,发现一个问题 特价而估那一个字错了？ 回答数量 2
[2015-08-06 12:06:19] 保存到数据库,此问题的ID为 59975
[2015-08-06 12:06:19] 59975 号问题存在其他答案 特价而沽
是估的错
该是沽
谢谢请给我一个好评
[2015-08-06 12:06:19] 保存其他答案成功
[2015-08-06 12:06:19] 59975 号问题存在其他答案 应为待价而沽，特字错了，春秋时期，孔子自认为当权者会推行他的仁政，在鲁国任职期间，鲁君受到季氏的控制，他只有感叹：“苟有用我者，期月而已可也，三年有成。”鲁君没有重用他，他说：“邦有道，则仕；邦无道，则行。”于是抱着“待价而沽”的念头去周游列国
[2015-08-06 12:06:19] 保存其他答案成功
[2015-08-06 12:06:20] 当前爬取第 2661 的内容,发现一个问题 ”聒碎乡心梦不成，故园无此声。” “此声”指的是什么声音？故园有什么呢？请通过想 回答数量 1
[2015-08-06 12:06:20] 保存到数据库,此问题的ID为 59976
[2015-08-06 12:06:20] 59976 号问题存在最佳答案 【此声】指风雪交加的声音
[2015-08-06 12:06:20] 保存最佳答案成功
[2015-08-06 12:06:21] 当前爬取第 2661 的内容,发现一个问题 理解 和听懂了 是一个概念吗 回答数量 0
[2015-08-06 12:06:21] 保存到数据库,此问题的ID为 59977
[2015-08-06 12:06:22] 当前爬取第 2661 的内容,发现一个问题 以告先帝之灵的吿是什么意思 回答数量 0
[2015-08-06 12:06:22] 保存到数据库,此问题的ID为 59978
[2015-08-06 12:06:23] 当前爬取第 2661 的内容,发现一个问题 休，下，州，材这几个字中哪个是象形字 回答数量 1
[2015-08-06 12:06:23] 保存到数据库,此问题的ID为 59979
[2015-08-06 12:06:23] 59979 号问题存在其他答案 休是象形字
[2015-08-06 12:06:23] 保存其他答案成功
[2015-08-06 12:06:26] 当前爬取第 2661 的内容,发现一个问题 战争的反义词是什么呢 回答数量 0
[2015-08-06 12:06:26] 保存到数据库,此问题的ID为 59980
[2015-08-06 12:06:27] 当前爬取第 2661 的内容,发现一个问题 肺失宣降通调什么意思 回答数量 0
[2015-08-06 12:06:27] 保存到数据库,此问题的ID为 59981
[2015-08-06 12:06:28] 当前爬取第 2661 的内容,发现一个问题 一杯之遥的错字是什么 回答数量 1
[2015-08-06 12:06:28] 保存到数据库,此问题的ID为 59982
[2015-08-06 12:06:28] 59982 号问题存在其他答案 是一步之遥吧
[2015-08-06 12:06:28] 保存其他答案成功
[2015-08-06 12:06:28] 当前爬取第 2661 的内容,发现一个问题 栃上追风亦不传形容什么 回答数量 0
[2015-08-06 12:06:28] 保存到数据库,此问题的ID为 59983
[2015-08-06 12:06:29] 当前爬取第 2661 的内容,发现一个问题 催座疮膏的座字的读音是什么 回答数量 0
[2015-08-06 12:06:29] 保存到数据库,此问题的ID为 59984
[2015-08-06 12:06:30] 当前爬取第 2661 的内容,发现一个问题 频频的意思是什么？？ 回答数量 1
[2015-08-06 12:06:30] 保存到数据库,此问题的ID为 59985
[2015-08-06 12:06:30] 59985 号问题存在其他答案 答相当于“屡次”、“连续多次”、“经常”、“频繁
[2015-08-06 12:06:30] 保存其他答案成功
[2015-08-06 12:06:32] 当前爬取第 2661 的内容,发现一个问题 菜园子，后花园用文言文这么说？ 回答数量 0
[2015-08-06 12:06:32] 保存到数据库,此问题的ID为 59986
[2015-08-06 12:06:33] 当前爬取第 2661 的内容,发现一个问题 孟母再迁什么意思？？？ 回答数量 1
[2015-08-06 12:06:33] 保存到数据库,此问题的ID为 59987
[2015-08-06 12:06:33] 59987 号问题存在最佳答案 [孟母再迁]
·孟子是我国古代的大思想家，可这是后来的事，就在孟子小的时候还有一段不平常的经历，孟母再迁。
孟子小的时候，父亲早亡，他和母亲一起居住在坟地附近，在那里天天都能听到做丧葬之事的哭声，日久天长，孟子学会了丧葬和哭坟。母亲想这里不适合孩子居住，就决定搬家。他家第二次搬到了市场附近，这里每天都能听到做买卖和屠户杀猪的声音，久而久之，孟子又学会了做买卖和屠杀之类的东西。孟母想，这里不是我所要的环境，她决定再搬一次家。这回她把家搬到了学宫附近，每月初一这一天，官员进入文庙，行礼跪拜，孟子见了，都一一记住。孟母想：“这里才是适合孩子居住的地方。”母子俩就在这里定居下来了。
·孟子再长大一些的时候，孟母就让他上了学。孟子上学后学习特别刻苦，学习成绩突飞猛进。可是好景不长，孟子认识了几个学习不好的坏学生，一天，那几个坏学生对孟子说：“我带你去一个特别好玩的地方”，孟母再迁(http://1.unjs.com/)。孟子因为好奇，听信了他们的话，就随他们一起去了。一进网吧，孟子就被好玩的游戏吸引住了，立刻就玩了起来，这一玩，就玩上了瘾，一天没去上课。
·时间长了，孟子的学习成绩一落千丈。有一
[2015-08-06 12:06:33] 保存最佳答案成功
[2015-08-06 12:06:34] 当前爬取第 2661 的内容,发现一个问题 以雏尾挹之的以是什么意思 回答数量 0
[2015-08-06 12:06:34] 保存到数据库,此问题的ID为 59988
[2015-08-06 12:06:40] 当前爬取第 2661 的内容,发现一个问题 战士们挺着胸膛在战车上，像钢铁巨人一样。表达了什么的感情 回答数量 0
[2015-08-06 12:06:40] 保存到数据库,此问题的ID为 59989
[2015-08-06 12:06:42] 当前爬取第 2661 的内容,发现一个问题 花圃 菜园子，后花园用文言文怎么说  回答数量 0
[2015-08-06 12:06:42] 保存到数据库,此问题的ID为 59990
[2015-08-06 12:06:43] 当前爬取第 2661 的内容,发现一个问题 气壮山河是含褒义还是含贬义？ 回答数量 1
[2015-08-06 12:06:43] 保存到数据库,此问题的ID为 59991
[2015-08-06 12:06:43] 59991 号问题存在其他答案 气壮山河(qìzhuàngshānhé)毛体书风作品《气壮山河》　　解释：形容气概豪迈，可以压倒山河。　　出处唐·张说《孔补阙集市》：“族高辰象，气壮山河，神作铜钩，天开金印。”　　用法主谓式；作谓语、定语；含褒义　　示例1.明·无名氏《鸣凤记·易生避难》：“但愿得早旋旌旆，～金戈挽落晖。”2.又听到了你的朴朴实实、～的言谈了。★梁信《从奴隶到将军》上集第四章　　近义词气冲霄汉、气势磅礴　　反义词气息奄奄2典故编辑本段　　赵元镇丞相与谪朱崖，病亟，自书铭旌：“身骑箕，尾归天上，气作山河壮本朝。”　　故事南宋大臣赵鼎出身贫寒，四岁就失去父亲，在母亲抚养和教育
下成长。他二十一岁考中进士，当官时敢于批评权贵，受到宰相吴敏赏识，被调到都城开封任职。　　1125年冬，北方的金国出兵南侵。次年秋攻陷太原，严重地威胁到宋朝的安全。昏庸懦弱的宋钦宗惊慌失措，赶紧召集文武大臣商议对策。　　一些贪生怕死的大臣，主张割让土地向金国求和。赵鼎与这些大臣的看法不同。他说：“祖先留下来的国土，怎能拱手送给别人?望陛下千万不要考虑这种意见
										...
[2015-08-06 12:06:43] 保存其他答案成功
[2015-08-06 12:06:44] 当前爬取第 2661 的内容,发现一个问题 科学家想象它们当时的情形的根据是什么，这句话前后的关系是什么关系，从什么一词体现 回答数量 0
[2015-08-06 12:06:44] 保存到数据库,此问题的ID为 59992
[2015-08-06 12:06:45] 当前爬取第 2661 的内容,发现一个问题 凡训蒙 须讲究什么意思 回答数量 0
[2015-08-06 12:06:45] 保存到数据库,此问题的ID为 59993
[2015-08-06 12:06:46] 当前爬取第 2661 的内容,发现一个问题 高潮眼是什么，听起来怪怪的。 回答数量 0
[2015-08-06 12:06:46] 保存到数据库,此问题的ID为 59994
[2015-08-06 12:06:46] 写入新页码 2661
[2015-08-06 12:06:46] 正在抓取第 2660 个页面
[2015-08-06 12:06:50] 当前爬取第 2660 的内容,发现一个问题 ‘浓浓的父爱’阅读答案   开头有什么作用 回答数量 0
[2015-08-06 12:06:50] 保存到数据库,此问题的ID为 59995
[2015-08-06 12:06:52] 当前爬取第 2660 的内容,发现一个问题 会字     还有个读音是？ 回答数量 1
[2015-08-06 12:06:52] 保存到数据库,此问题的ID为 59996
[2015-08-06 12:06:52] 59996 号问题存在最佳答案 还有另一个读音是kuai
[2015-08-06 12:06:52] 保存最佳答案成功
[2015-08-06 12:06:54] 当前爬取第 2660 的内容,发现一个问题 读经典的书，做有根的人.请问这个根是什么意思？前句与后句的关系是？ 回答数量 0
[2015-08-06 12:06:54] 保存到数据库,此问题的ID为 59997
[2015-08-06 12:06:56] 当前爬取第 2660 的内容,发现一个问题 用aa的形式冰花要怎么说 回答数量 0
[2015-08-06 12:06:56] 保存到数据库,此问题的ID为 59998
[2015-08-06 12:06:57] 当前爬取第 2660 的内容,发现一个问题 双立人加干再加街的最右边念什么 回答数量 0
[2015-08-06 12:06:57] 保存到数据库,此问题的ID为 59999
[2015-08-06 12:06:58] 当前爬取第 2660 的内容,发现一个问题 根据塞翁失马的译文写出另一个寓言故事或成语是什么？ 回答数量 0
[2015-08-06 12:06:58] 保存到数据库,此问题的ID为 60000
[2015-08-06 12:06:58] 当前爬取第 2660 的内容,发现一个问题 每当这时，小黑就放开嗓子，发动所有的鸟儿大声喧闹，……用了什么修辞手法？ 回答数量 0
[2015-08-06 12:06:58] 保存到数据库,此问题的ID为 60001
[2015-08-06 12:07:00] 当前爬取第 2660 的内容,发现一个问题 苁摈值泥  是什么意思 回答数量 1
[2015-08-06 12:07:00] 保存到数据库,此问题的ID为 60002
[2015-08-06 12:07:00] 60002 号问题存在其他答案 大连市第80中学相关信息1.途经日暮里和水户
2.仙台医??......物理兴趣小组在活动课上需要一个灯泡老照明......现有一辆质量为4.0×104千克的坦克......如题，如果要考请问考笔试还是口试笔试都要......上海市第九人民医院中考英语听力训练中考录取分数线2014中考录取分数线中考报考指南2014
位于大连市甘井子区西南路，原大连纺织厂附近。有30多年的历史。前身为周家街小学。学校现有初中教学班43个，小学教学班5个，学生2200余人，教职工136人。学校师资力量雄厚，现有特聘高级教师4人，省市优秀教师23...
[2015-08-06 12:07:00] 保存其他答案成功
[2015-08-06 12:07:01] 当前爬取第 2660 的内容,发现一个问题 嗶哩怎么读啊啊啊啊啊啊？ 回答数量 0
[2015-08-06 12:07:01] 保存到数据库,此问题的ID为 60003
[2015-08-06 12:07:02] 当前爬取第 2660 的内容,发现一个问题 长尾山雉是什么意思呀？ 回答数量 1
[2015-08-06 12:07:02] 保存到数据库,此问题的ID为 60004
[2015-08-06 12:07:02] 60004 号问题存在最佳答案 长尾雉（学名：Syrmaticusreevesii）属于鸡形目，雉科，是一种森林益鸟，喜在常绿针阔混交林和落叶阔叶乔木林中栖息、隐蔽和觅食，取食鳞翅目的幼虫、虫卵，对抑制森林虫害，维护生态平衡起到重要的作用。其优雅的体形、艳丽独特的羽色，极具观赏价值。长尾雉尾羽称为“雉翎”，是传统的天然工艺品。白冠长尾雉是中国的特产珍禽，分布在中国中部及北部山地地区，是中国二级保护动物。
长尾雉（学名：Syrmaticusreevesii）属于鸡形目，雉科，是一种森林益鸟，喜在常绿针阔混交林和落叶阔叶乔木林中栖息、隐蔽和觅食，取食鳞翅目的幼虫、虫卵，对抑制森林虫害，维护生态平衡起到重要的作用。其优雅的体形、艳丽独特的羽色，极具观赏价值。长尾雉尾羽称为“雉翎”，是传统的天然工艺品。白冠长尾雉是中国的特产珍禽，分布在中国中部及北部山地地区，是中国二级保护动物。
[2015-08-06 12:07:02] 保存最佳答案成功
[2015-08-06 12:07:03] 当前爬取第 2660 的内容,发现一个问题 像是为老人守灵的白翼天使。守灵意思是什么 回答数量 1
[2015-08-06 12:07:03] 保存到数据库,此问题的ID为 60005
[2015-08-06 12:07:03] 60005 号问题存在其他答案 灵是灵柩，守灵就是守着灵柩。
[2015-08-06 12:07:03] 保存其他答案成功
[2015-08-06 12:07:04] 当前爬取第 2660 的内容,发现一个问题 瑶四无而无儿摇把儿是什么意思 回答数量 1
[2015-08-06 12:07:04] 保存到数据库,此问题的ID为 60006
[2015-08-06 12:07:04] 60006 号问题存在其他答案 是114
5252182
[2015-08-06 12:07:05] 保存其他答案成功
[2015-08-06 12:07:06] 当前爬取第 2660 的内容,发现一个问题 毅然和悲苦的近义词是什么 回答数量 0
[2015-08-06 12:07:06] 保存到数据库,此问题的ID为 60007
[2015-08-06 12:07:07] 当前爬取第 2660 的内容,发现一个问题 委屈是属于什么类型辞 回答数量 0
[2015-08-06 12:07:07] 保存到数据库,此问题的ID为 60008
[2015-08-06 12:07:09] 当前爬取第 2660 的内容,发现一个问题 挫折时，一句温暖的话语。是什么意思？ 回答数量 1
[2015-08-06 12:07:09] 保存到数据库,此问题的ID为 60009
[2015-08-06 12:07:09] 60009 号问题存在其他答案 因为那是作者感受到了友谊
带给他的帮助。在他挫折时，是朋友给他鼓励与支持；在他迷惑时，是朋友给他指引与肯定。因此或这样说。当然，这要真正的友谊才行，平日里很多虽然说是“朋友”，其实也仅仅是“熟人”而已，谈不上多少“友谊”，这个时候，可能就不会有这种感觉了。
[2015-08-06 12:07:09] 保存其他答案成功
[2015-08-06 12:07:10] 当前爬取第 2660 的内容,发现一个问题 挫折时，一句温暖的话语。是什么意思？ 回答数量 1
[2015-08-06 12:07:10] 保存到数据库,此问题的ID为 60010
[2015-08-06 12:07:10] 60010 号问题存在其他答案 因为那是作者感受到了友谊
带给他的帮助。在他挫折时,是朋友给他鼓励与支持;在他迷惑时,是朋友给